[2025-12-03T18:54:41.869+0000] {taskinstance.py:1957} INFO - Dependencies all met for dep_context=non-requeueable deps ti=<TaskInstance: arbuz_pipeline.scrape manual__2025-12-03T18:50:10.203578+00:00 [queued]>
[2025-12-03T18:54:41.873+0000] {taskinstance.py:1957} INFO - Dependencies all met for dep_context=requeueable deps ti=<TaskInstance: arbuz_pipeline.scrape manual__2025-12-03T18:50:10.203578+00:00 [queued]>
[2025-12-03T18:54:41.874+0000] {taskinstance.py:2171} INFO - Starting attempt 2 of 3
[2025-12-03T18:54:41.882+0000] {taskinstance.py:2192} INFO - Executing <Task(PythonOperator): scrape> on 2025-12-03 18:50:10.203578+00:00
[2025-12-03T18:54:41.887+0000] {standard_task_runner.py:60} INFO - Started process 36 to run task
[2025-12-03T18:54:41.892+0000] {standard_task_runner.py:87} INFO - Running: ['***', 'tasks', 'run', 'arbuz_pipeline', 'scrape', 'manual__2025-12-03T18:50:10.203578+00:00', '--job-id', '12', '--raw', '--subdir', 'DAGS_FOLDER/***_dag.py', '--cfg-path', '/tmp/tmpouin1ho4']
[2025-12-03T18:54:41.900+0000] {standard_task_runner.py:88} INFO - Job 12: Subtask scrape
[2025-12-03T18:54:41.936+0000] {task_command.py:423} INFO - Running <TaskInstance: arbuz_pipeline.scrape manual__2025-12-03T18:50:10.203578+00:00 [running]> on host 17b1705ca3cf
[2025-12-03T18:54:42.004+0000] {taskinstance.py:2481} INFO - Exporting env vars: AIRFLOW_CTX_DAG_OWNER='***' AIRFLOW_CTX_DAG_ID='arbuz_pipeline' AIRFLOW_CTX_TASK_ID='scrape' AIRFLOW_CTX_EXECUTION_DATE='2025-12-03T18:50:10.203578+00:00' AIRFLOW_CTX_TRY_NUMBER='2' AIRFLOW_CTX_DAG_RUN_ID='manual__2025-12-03T18:50:10.203578+00:00'
[2025-12-03T18:54:42.006+0000] {airflow_dag.py:23} INFO - 🚀 Starting scraping task...
[2025-12-03T18:54:42.006+0000] {scraper.py:26} INFO - 🚀 Starting Arbuz.kz scraping (max 150 products from 5 categories)
[2025-12-03T18:54:42.769+0000] {scraper.py:82} INFO - 📂 Parsing category: Овощи и фрукты
[2025-12-03T18:54:42.770+0000] {scraper.py:130} INFO - Opening URL: https://arbuz.kz/ru/almaty/catalog/cat/225164-ovoshi_frukty_zelen#/
[2025-12-03T18:54:44.495+0000] {scraper.py:137} INFO - Page body loaded
[2025-12-03T18:54:49.539+0000] {scraper.py:156} INFO - Found 40 products with selector: .product-card__link
[2025-12-03T18:54:49.592+0000] {scraper.py:183} INFO - DEBUG href: /ru/almaty/catalog/item/320555-mandariny_marokko_kg?ref=catalog
[2025-12-03T18:54:49.599+0000] {scraper.py:183} INFO - DEBUG href: /ru/almaty/catalog/item/19445-banany_kg?ref=catalog
[2025-12-03T18:54:49.604+0000] {scraper.py:183} INFO - DEBUG href: /ru/almaty/catalog/item/237984-avokado_hass_kolumbiya_sht?ref=catalog
[2025-12-03T18:54:49.816+0000] {scraper.py:242} INFO - Collected 40 product links
[2025-12-03T18:54:49.816+0000] {scraper.py:84} INFO -    Found 40 links in Овощи и фрукты
[2025-12-03T18:54:51.754+0000] {scraper.py:82} INFO - 📂 Parsing category: Молоко, сыр, яйца
[2025-12-03T18:54:51.756+0000] {scraper.py:130} INFO - Opening URL: https://arbuz.kz/ru/almaty/catalog/cat/225168-moloko_syr_yayca#/
[2025-12-03T18:54:52.396+0000] {scraper.py:137} INFO - Page body loaded
[2025-12-03T18:54:57.673+0000] {scraper.py:163} ERROR - No product cards found! Screenshot saved to /opt/***/data/debug_screenshot.png
[2025-12-03T18:54:57.708+0000] {scraper.py:167} INFO - Page HTML length: 301377
[2025-12-03T18:54:57.712+0000] {scraper.py:168} INFO - Page title: Продукты питания и товары для дома с доставкой на дом | Arbuz.kz
[2025-12-03T18:54:57.712+0000] {scraper.py:169} INFO - Current URL: https://arbuz.kz/ru/almaty/catalog/cat/225168-moloko_syr_yayca#/
[2025-12-03T18:54:57.712+0000] {scraper.py:84} INFO -    Found 0 links in Молоко, сыр, яйца
[2025-12-03T18:54:59.161+0000] {scraper.py:82} INFO - 📂 Parsing category: Мясо и птица
[2025-12-03T18:54:59.162+0000] {scraper.py:130} INFO - Opening URL: https://arbuz.kz/ru/almaty/catalog/cat/225199-myaso_ptica_kolbasy#/
[2025-12-03T18:54:59.707+0000] {scraper.py:137} INFO - Page body loaded
[2025-12-03T18:55:06.405+0000] {scraper.py:163} ERROR - No product cards found! Screenshot saved to /opt/***/data/debug_screenshot.png
[2025-12-03T18:55:06.566+0000] {scraper.py:167} INFO - Page HTML length: 301382
[2025-12-03T18:55:06.583+0000] {scraper.py:168} INFO - Page title: Продукты питания и товары для дома с доставкой на дом | Arbuz.kz
[2025-12-03T18:55:06.584+0000] {scraper.py:169} INFO - Current URL: https://arbuz.kz/ru/almaty/catalog/cat/225199-myaso_ptica_kolbasy#/
[2025-12-03T18:55:06.585+0000] {scraper.py:84} INFO -    Found 0 links in Мясо и птица
[2025-12-03T18:55:07.673+0000] {scraper.py:82} INFO - 📂 Parsing category: Хлеб и выпечка
[2025-12-03T18:55:07.676+0000] {scraper.py:130} INFO - Opening URL: https://arbuz.kz/ru/almaty/catalog/cat/225229-hleb_vypechka#/
[2025-12-03T18:55:09.651+0000] {scraper.py:137} INFO - Page body loaded
[2025-12-03T18:55:15.001+0000] {scraper.py:163} ERROR - No product cards found! Screenshot saved to /opt/***/data/debug_screenshot.png
[2025-12-03T18:55:15.028+0000] {scraper.py:167} INFO - Page HTML length: 310900
[2025-12-03T18:55:15.031+0000] {scraper.py:168} INFO - Page title: Продукты питания и товары для дома с доставкой на дом | Arbuz.kz
[2025-12-03T18:55:15.031+0000] {scraper.py:169} INFO - Current URL: https://arbuz.kz/ru/almaty/catalog/cat/225229-igristoe_vino#/
[2025-12-03T18:55:15.031+0000] {scraper.py:84} INFO -    Found 0 links in Хлеб и выпечка
[2025-12-03T18:55:16.782+0000] {scraper.py:82} INFO - 📂 Parsing category: Напитки
[2025-12-03T18:55:16.784+0000] {scraper.py:130} INFO - Opening URL: https://arbuz.kz/ru/almaty/catalog/cat/225244-napitki#/
[2025-12-03T18:55:17.304+0000] {scraper.py:137} INFO - Page body loaded
[2025-12-03T18:55:22.672+0000] {scraper.py:163} ERROR - No product cards found! Screenshot saved to /opt/***/data/debug_screenshot.png
[2025-12-03T18:55:22.697+0000] {scraper.py:167} INFO - Page HTML length: 301342
[2025-12-03T18:55:22.700+0000] {scraper.py:168} INFO - Page title: Продукты питания и товары для дома с доставкой на дом | Arbuz.kz
[2025-12-03T18:55:22.700+0000] {scraper.py:169} INFO - Current URL: https://arbuz.kz/ru/almaty/catalog/cat/225244-napitki#/
[2025-12-03T18:55:22.701+0000] {scraper.py:84} INFO -    Found 0 links in Напитки
[2025-12-03T18:55:24.047+0000] {scraper.py:92} INFO - 📊 Total unique links: 40
[2025-12-03T18:55:24.048+0000] {scraper.py:101} INFO - Progress: 0/40 products scraped...
[2025-12-03T18:56:02.998+0000] {scraper.py:101} INFO - Progress: 10/40 products scraped...
[2025-12-03T18:56:42.731+0000] {scraper.py:101} INFO - Progress: 20/40 products scraped...
[2025-12-03T18:57:26.691+0000] {scraper.py:101} INFO - Progress: 30/40 products scraped...
[2025-12-03T18:57:26.845+0000] {local_task_job_runner.py:121} ERROR - Received SIGTERM. Terminating subprocesses
[2025-12-03T18:57:26.921+0000] {process_utils.py:131} INFO - Sending 15 to group 36. PIDs of all processes in the group: [37, 41, 119, 121, 122, 138, 149, 614, 136, 36]
[2025-12-03T18:57:26.935+0000] {process_utils.py:86} INFO - Sending the signal 15 to group 36
[2025-12-03T18:57:26.945+0000] {taskinstance.py:2451} ERROR - Received SIGTERM. Terminating subprocesses.
[2025-12-03T18:57:26.955+0000] {scraper.py:337} ERROR - Error scraping https://arbuz.kz/ru/almaty/catalog/item/265991-greipfrut_sht?ref=catalog: Task received SIGTERM signal
[2025-12-03T18:57:27.149+0000] {process_utils.py:79} INFO - Process psutil.Process(pid=138, status='terminated', started='18:54:42') (138) terminated with exit code None
[2025-12-03T18:57:27.291+0000] {process_utils.py:79} INFO - Process psutil.Process(pid=614, status='terminated', started='18:57:25') (614) terminated with exit code None
[2025-12-03T18:57:27.296+0000] {process_utils.py:79} INFO - Process psutil.Process(pid=37, status='terminated', started='18:54:41') (37) terminated with exit code None
[2025-12-03T18:57:27.296+0000] {process_utils.py:79} INFO - Process psutil.Process(pid=119, status='terminated', started='18:54:42') (119) terminated with exit code None
[2025-12-03T18:57:27.297+0000] {process_utils.py:79} INFO - Process psutil.Process(pid=136, status='terminated', started='18:54:42') (136) terminated with exit code None
[2025-12-03T18:57:27.298+0000] {process_utils.py:79} INFO - Process psutil.Process(pid=122, status='terminated', started='18:54:42') (122) terminated with exit code None
[2025-12-03T18:57:28.114+0000] {process_utils.py:79} INFO - Process psutil.Process(pid=121, status='terminated', started='18:54:42') (121) terminated with exit code None
[2025-12-03T18:57:28.117+0000] {process_utils.py:79} INFO - Process psutil.Process(pid=149, status='terminated', started='18:54:42') (149) terminated with exit code None
