[2025-12-03T18:50:13.620+0000] {taskinstance.py:1957} INFO - Dependencies all met for dep_context=non-requeueable deps ti=<TaskInstance: arbuz_pipeline.scrape manual__2025-12-03T18:50:10.203578+00:00 [queued]>
[2025-12-03T18:50:13.625+0000] {taskinstance.py:1957} INFO - Dependencies all met for dep_context=requeueable deps ti=<TaskInstance: arbuz_pipeline.scrape manual__2025-12-03T18:50:10.203578+00:00 [queued]>
[2025-12-03T18:50:13.625+0000] {taskinstance.py:2171} INFO - Starting attempt 1 of 3
[2025-12-03T18:50:13.632+0000] {taskinstance.py:2192} INFO - Executing <Task(PythonOperator): scrape> on 2025-12-03 18:50:10.203578+00:00
[2025-12-03T18:50:13.641+0000] {standard_task_runner.py:60} INFO - Started process 44 to run task
[2025-12-03T18:50:13.645+0000] {standard_task_runner.py:87} INFO - Running: ['***', 'tasks', 'run', 'arbuz_pipeline', 'scrape', 'manual__2025-12-03T18:50:10.203578+00:00', '--job-id', '10', '--raw', '--subdir', 'DAGS_FOLDER/***_dag.py', '--cfg-path', '/tmp/tmpls2db3p_']
[2025-12-03T18:50:13.650+0000] {standard_task_runner.py:88} INFO - Job 10: Subtask scrape
[2025-12-03T18:50:13.696+0000] {task_command.py:423} INFO - Running <TaskInstance: arbuz_pipeline.scrape manual__2025-12-03T18:50:10.203578+00:00 [running]> on host 4eb8abc92a88
[2025-12-03T18:50:13.791+0000] {taskinstance.py:2481} INFO - Exporting env vars: AIRFLOW_CTX_DAG_OWNER='***' AIRFLOW_CTX_DAG_ID='arbuz_pipeline' AIRFLOW_CTX_TASK_ID='scrape' AIRFLOW_CTX_EXECUTION_DATE='2025-12-03T18:50:10.203578+00:00' AIRFLOW_CTX_TRY_NUMBER='1' AIRFLOW_CTX_DAG_RUN_ID='manual__2025-12-03T18:50:10.203578+00:00'
[2025-12-03T18:50:13.793+0000] {airflow_dag.py:23} INFO - 🚀 Starting scraping task...
[2025-12-03T18:50:13.793+0000] {scraper.py:17} INFO - 🚀 Starting Arbuz.kz scraping (max 150 products)
[2025-12-03T18:50:14.752+0000] {scraper.py:104} INFO - Opening URL: https://arbuz.kz/ru/almaty/catalog/cat/225164-ovoshi_frukty_zelen#/
[2025-12-03T18:50:16.986+0000] {scraper.py:111} INFO - Page body loaded
[2025-12-03T18:50:22.037+0000] {scraper.py:130} INFO - Found 40 products with selector: .product-card__link
[2025-12-03T18:50:22.066+0000] {scraper.py:157} INFO - DEBUG href: /ru/almaty/catalog/item/320555-mandariny_marokko_kg?ref=catalog
[2025-12-03T18:50:22.073+0000] {scraper.py:157} INFO - DEBUG href: /ru/almaty/catalog/item/19445-banany_kg?ref=catalog
[2025-12-03T18:50:22.110+0000] {scraper.py:157} INFO - DEBUG href: /ru/almaty/catalog/item/237984-avokado_hass_kolumbiya_sht?ref=catalog
[2025-12-03T18:51:22.403+0000] {scraper.py:174} INFO - No more products to load: Timeout 60000ms exceeded.
[2025-12-03T18:51:22.407+0000] {scraper.py:177} INFO - Collected 40 product links
[2025-12-03T18:51:22.408+0000] {scraper.py:75} INFO - Progress: 0/40 products scraped...
[2025-12-03T18:52:04.231+0000] {scraper.py:75} INFO - Progress: 10/40 products scraped...
[2025-12-03T18:52:44.080+0000] {scraper.py:75} INFO - Progress: 20/40 products scraped...
[2025-12-03T18:53:34.719+0000] {scraper.py:217} WARNING - No product name found for https://arbuz.kz/ru/almaty/catalog/item/19391-stebel_seldereya_kg?ref=catalog
[2025-12-03T18:53:41.376+0000] {scraper.py:75} INFO - Progress: 30/40 products scraped...
[2025-12-03T18:53:44.025+0000] {scraper.py:217} WARNING - No product name found for https://arbuz.kz/ru/almaty/catalog/item/265991-greipfrut_sht?ref=catalog
[2025-12-03T18:53:55.105+0000] {local_task_job_runner.py:121} ERROR - Received SIGTERM. Terminating subprocesses
[2025-12-03T18:53:55.196+0000] {process_utils.py:131} INFO - Sending 15 to group 44. PIDs of all processes in the group: [45, 49, 126, 128, 129, 144, 158, 143, 44]
[2025-12-03T18:53:55.214+0000] {process_utils.py:86} INFO - Sending the signal 15 to group 44
[2025-12-03T18:53:55.225+0000] {taskinstance.py:2451} ERROR - Received SIGTERM. Terminating subprocesses.
[2025-12-03T18:53:55.251+0000] {scraper.py:272} ERROR - Error scraping https://arbuz.kz/ru/almaty/catalog/item/263250-salatnyi_miks_mrs_green_multivitamin_120_g?ref=catalog: Task received SIGTERM signal
[2025-12-03T18:53:55.472+0000] {process_utils.py:79} INFO - Process psutil.Process(pid=144, status='terminated', started='18:50:14') (144) terminated with exit code None
[2025-12-03T18:53:55.577+0000] {process_utils.py:79} INFO - Process psutil.Process(pid=128, status='terminated', started='18:50:14') (128) terminated with exit code None
[2025-12-03T18:53:55.577+0000] {process_utils.py:79} INFO - Process psutil.Process(pid=129, status='terminated', started='18:50:14') (129) terminated with exit code None
[2025-12-03T18:53:55.863+0000] {process_utils.py:79} INFO - Process psutil.Process(pid=126, status='terminated', started='18:50:14') (126) terminated with exit code None
[2025-12-03T18:53:55.865+0000] {process_utils.py:79} INFO - Process psutil.Process(pid=45, status='terminated', started='18:50:13') (45) terminated with exit code None
[2025-12-03T18:53:55.865+0000] {process_utils.py:79} INFO - Process psutil.Process(pid=143, status='terminated', started='18:50:14') (143) terminated with exit code None
[2025-12-03T18:53:56.567+0000] {process_utils.py:79} INFO - Process psutil.Process(pid=158, status='terminated', started='18:50:14') (158) terminated with exit code None
