[2025-12-03T18:58:12.259+0000] {taskinstance.py:1957} INFO - Dependencies all met for dep_context=non-requeueable deps ti=<TaskInstance: arbuz_pipeline.scrape manual__2025-12-03T18:50:10.203578+00:00 [queued]>
[2025-12-03T18:58:12.265+0000] {taskinstance.py:1957} INFO - Dependencies all met for dep_context=requeueable deps ti=<TaskInstance: arbuz_pipeline.scrape manual__2025-12-03T18:50:10.203578+00:00 [queued]>
[2025-12-03T18:58:12.265+0000] {taskinstance.py:2171} INFO - Starting attempt 3 of 3
[2025-12-03T18:58:12.273+0000] {taskinstance.py:2192} INFO - Executing <Task(PythonOperator): scrape> on 2025-12-03 18:50:10.203578+00:00
[2025-12-03T18:58:12.278+0000] {standard_task_runner.py:60} INFO - Started process 35 to run task
[2025-12-03T18:58:12.281+0000] {standard_task_runner.py:87} INFO - Running: ['***', 'tasks', 'run', 'arbuz_pipeline', 'scrape', 'manual__2025-12-03T18:50:10.203578+00:00', '--job-id', '14', '--raw', '--subdir', 'DAGS_FOLDER/***_dag.py', '--cfg-path', '/tmp/tmp_1jpocv4']
[2025-12-03T18:58:12.286+0000] {standard_task_runner.py:88} INFO - Job 14: Subtask scrape
[2025-12-03T18:58:12.345+0000] {task_command.py:423} INFO - Running <TaskInstance: arbuz_pipeline.scrape manual__2025-12-03T18:50:10.203578+00:00 [running]> on host 2e192435d9a7
[2025-12-03T18:58:12.406+0000] {taskinstance.py:2481} INFO - Exporting env vars: AIRFLOW_CTX_DAG_OWNER='***' AIRFLOW_CTX_DAG_ID='arbuz_pipeline' AIRFLOW_CTX_TASK_ID='scrape' AIRFLOW_CTX_EXECUTION_DATE='2025-12-03T18:50:10.203578+00:00' AIRFLOW_CTX_TRY_NUMBER='3' AIRFLOW_CTX_DAG_RUN_ID='manual__2025-12-03T18:50:10.203578+00:00'
[2025-12-03T18:58:12.407+0000] {airflow_dag.py:23} INFO - 🚀 Starting scraping task...
[2025-12-03T18:58:12.408+0000] {scraper.py:28} INFO - 🚀 Starting Arbuz.kz scraping (max 150 products from 7 categories)
[2025-12-03T18:58:13.074+0000] {scraper.py:84} INFO - 📂 Parsing category: Овощи и фрукты
[2025-12-03T18:58:13.074+0000] {scraper.py:132} INFO - Opening URL: https://arbuz.kz/ru/almaty/catalog/cat/225164-ovoshi_frukty_zelen#/
[2025-12-03T18:58:14.962+0000] {scraper.py:139} INFO - Page body loaded
[2025-12-03T18:58:24.033+0000] {scraper.py:162} INFO - Found 40 products with selector: .product-card__link
[2025-12-03T18:58:24.060+0000] {scraper.py:189} INFO - DEBUG href: /ru/almaty/catalog/item/320555-mandariny_marokko_kg?ref=catalog
[2025-12-03T18:58:24.064+0000] {scraper.py:189} INFO - DEBUG href: /ru/almaty/catalog/item/19445-banany_kg?ref=catalog
[2025-12-03T18:58:24.075+0000] {scraper.py:189} INFO - DEBUG href: /ru/almaty/catalog/item/237984-avokado_hass_kolumbiya_sht?ref=catalog
[2025-12-03T18:58:24.194+0000] {scraper.py:248} INFO - Collected 31 product links
[2025-12-03T18:58:24.194+0000] {scraper.py:86} INFO -    Found 31 links in Овощи и фрукты
[2025-12-03T18:58:25.591+0000] {scraper.py:84} INFO - 📂 Parsing category: Фрукты
[2025-12-03T18:58:25.591+0000] {scraper.py:132} INFO - Opening URL: https://arbuz.kz/ru/almaty/catalog/cat/225165-frukty#/
[2025-12-03T18:58:28.167+0000] {scraper.py:139} INFO - Page body loaded
[2025-12-03T18:58:37.253+0000] {scraper.py:162} INFO - Found 40 products with selector: .product-card__link
[2025-12-03T18:58:37.279+0000] {scraper.py:189} INFO - DEBUG href: /ru/almaty/catalog/item/307764-chiabatta_arbuz_select_280_g?ref=catalog
[2025-12-03T18:58:37.283+0000] {scraper.py:189} INFO - DEBUG href: /ru/almaty/catalog/item/238564-hleb_harry_s_american_sandwich_sendvichnyi_pshenichnyi_470_g?ref=catalog
[2025-12-03T18:58:37.288+0000] {scraper.py:189} INFO - DEBUG href: /ru/almaty/catalog/item/307765-chiabatta_arbuz_select_rzhanaya_280_g?ref=catalog
[2025-12-03T18:58:37.485+0000] {scraper.py:248} INFO - Collected 31 product links
[2025-12-03T18:58:37.485+0000] {scraper.py:86} INFO -    Found 31 links in Фрукты
[2025-12-03T18:58:38.643+0000] {scraper.py:84} INFO - 📂 Parsing category: Овощи
[2025-12-03T18:58:38.643+0000] {scraper.py:132} INFO - Opening URL: https://arbuz.kz/ru/almaty/catalog/cat/225166-ovoshi#/
[2025-12-03T18:58:43.264+0000] {scraper.py:139} INFO - Page body loaded
[2025-12-03T18:58:52.449+0000] {scraper.py:162} INFO - Found 40 products with selector: .product-card__link
[2025-12-03T18:58:52.492+0000] {scraper.py:189} INFO - DEBUG href: /ru/almaty/catalog/item/20452-shokoladnyi_batonchik_snickers_50_5_g?ref=catalog
[2025-12-03T18:58:52.497+0000] {scraper.py:189} INFO - DEBUG href: /ru/almaty/catalog/item/135573-konfety_shokoladnye_snickers_mini_180_g?ref=catalog
[2025-12-03T18:58:52.501+0000] {scraper.py:189} INFO - DEBUG href: /ru/almaty/catalog/item/234136-rezinka_zhevatelnaya_orbit_belosnezhnyi_bubblemint_13_6_g?ref=catalog
[2025-12-03T18:58:52.614+0000] {scraper.py:248} INFO - Collected 31 product links
[2025-12-03T18:58:52.614+0000] {scraper.py:86} INFO -    Found 31 links in Овощи
[2025-12-03T18:58:54.334+0000] {scraper.py:84} INFO - 📂 Parsing category: Зелень и салаты
[2025-12-03T18:58:54.335+0000] {scraper.py:132} INFO - Opening URL: https://arbuz.kz/ru/almaty/catalog/cat/225167-zelen_salaty#/
[2025-12-03T18:58:56.620+0000] {scraper.py:139} INFO - Page body loaded
[2025-12-03T18:59:05.704+0000] {scraper.py:162} INFO - Found 40 products with selector: .product-card__link
[2025-12-03T18:59:05.735+0000] {scraper.py:189} INFO - DEBUG href: /ru/almaty/catalog/item/314930-vareno-kopchenaya_grudka_kuricy_arbuz_select_kg?ref=catalog
[2025-12-03T18:59:05.740+0000] {scraper.py:189} INFO - DEBUG href: /ru/almaty/catalog/item/314927-govyadina_servelat_arbuz_select_x_meta_farm_s_tykvennymi_semechkami_narezka_150_g?ref=catalog
[2025-12-03T18:59:05.749+0000] {scraper.py:189} INFO - DEBUG href: /ru/almaty/catalog/item/314928-krakovskaya_kolbasa_arbuz_select_x_meta_farm_narezka_150_g?ref=catalog
[2025-12-03T18:59:05.900+0000] {scraper.py:248} INFO - Collected 31 product links
[2025-12-03T18:59:05.900+0000] {scraper.py:86} INFO -    Found 31 links in Зелень и салаты
[2025-12-03T18:59:07.000+0000] {scraper.py:84} INFO - 📂 Parsing category: Грибы
[2025-12-03T18:59:07.002+0000] {scraper.py:132} INFO - Opening URL: https://arbuz.kz/ru/almaty/catalog/cat/140597-griby#/
[2025-12-03T18:59:07.566+0000] {scraper.py:139} INFO - Page body loaded
[2025-12-03T18:59:16.994+0000] {scraper.py:169} ERROR - No product cards found! Screenshot saved to /opt/***/data/debug_screenshot.png
[2025-12-03T18:59:17.031+0000] {scraper.py:173} INFO - Page HTML length: 301312
[2025-12-03T18:59:17.035+0000] {scraper.py:174} INFO - Page title: Продукты питания и товары для дома с доставкой на дом | Arbuz.kz
[2025-12-03T18:59:17.036+0000] {scraper.py:175} INFO - Current URL: https://arbuz.kz/ru/almaty/catalog/cat/140597-griby#/
[2025-12-03T18:59:17.036+0000] {scraper.py:86} INFO -    Found 0 links in Грибы
[2025-12-03T18:59:18.065+0000] {scraper.py:84} INFO - 📂 Parsing category: Ягоды
[2025-12-03T18:59:18.067+0000] {scraper.py:132} INFO - Opening URL: https://arbuz.kz/ru/almaty/catalog/cat/225463-yagody#/
[2025-12-03T18:59:19.691+0000] {scraper.py:139} INFO - Page body loaded
[2025-12-03T18:59:28.752+0000] {scraper.py:162} INFO - Found 8 products with selector: .product-card__link
[2025-12-03T18:59:28.767+0000] {scraper.py:189} INFO - DEBUG href: /ru/almaty/catalog/item/305647-manikyurnyi_nabor_almaspa_chernyi?ref=catalog
[2025-12-03T18:59:28.771+0000] {scraper.py:189} INFO - DEBUG href: /ru/almaty/catalog/item/234623-nabor_chicco_shetka_i_rascheska_rozovyi?ref=catalog
[2025-12-03T18:59:28.776+0000] {scraper.py:189} INFO - DEBUG href: /ru/almaty/catalog/item/315259-nozhnicy_lei_manikyurnye_dlya_nogtei_zakruglennye_serebro_zatochennye?ref=catalog
[2025-12-03T18:59:32.382+0000] {scraper.py:241} INFO - No more products available
[2025-12-03T18:59:32.383+0000] {scraper.py:248} INFO - Collected 8 product links
[2025-12-03T18:59:32.383+0000] {scraper.py:86} INFO -    Found 8 links in Ягоды
[2025-12-03T18:59:34.173+0000] {scraper.py:84} INFO - 📂 Parsing category: Свежие соки
[2025-12-03T18:59:34.179+0000] {scraper.py:132} INFO - Opening URL: https://arbuz.kz/ru/almaty/catalog/cat/225169-svezhie_soki#/
[2025-12-03T18:59:36.115+0000] {scraper.py:139} INFO - Page body loaded
[2025-12-03T18:59:45.225+0000] {scraper.py:162} INFO - Found 40 products with selector: .product-card__link
[2025-12-03T18:59:45.265+0000] {scraper.py:189} INFO - DEBUG href: /ru/almaty/catalog/item/314937-avocado_ghee_arbuz_select_200_g?ref=catalog
[2025-12-03T18:59:45.270+0000] {scraper.py:189} INFO - DEBUG href: /ru/almaty/catalog/item/329457-uksus_bio_alnatura_balzamicheskii_aceto_0_5_l?ref=catalog
[2025-12-03T18:59:45.274+0000] {scraper.py:189} INFO - DEBUG href: /ru/almaty/catalog/item/327202-artishoki_bella_contadina_celnye_po-apuliiskii_v_masle_314_ml?ref=catalog
[2025-12-03T18:59:45.416+0000] {scraper.py:248} INFO - Collected 31 product links
[2025-12-03T18:59:45.416+0000] {scraper.py:86} INFO -    Found 31 links in Свежие соки
[2025-12-03T18:59:47.339+0000] {scraper.py:94} INFO - 📊 Total unique links: 150
[2025-12-03T18:59:47.341+0000] {scraper.py:103} INFO - Progress: 0/150 products scraped...
[2025-12-03T19:00:23.337+0000] {scraper.py:103} INFO - Progress: 10/150 products scraped...
[2025-12-03T19:00:57.747+0000] {scraper.py:103} INFO - Progress: 20/150 products scraped...
[2025-12-03T19:01:45.424+0000] {scraper.py:103} INFO - Progress: 30/150 products scraped...
[2025-12-03T19:02:23.996+0000] {scraper.py:103} INFO - Progress: 40/150 products scraped...
[2025-12-03T19:03:09.064+0000] {scraper.py:343} ERROR - Error scraping https://arbuz.kz/ru/almaty/catalog/item/244339-lepeshki_mission_grill_pshenichnye_250_g?ref=catalog: Timeout 30000ms exceeded.
[2025-12-03T19:03:29.661+0000] {scraper.py:103} INFO - Progress: 50/150 products scraped...
[2025-12-03T19:04:07.098+0000] {scraper.py:103} INFO - Progress: 60/150 products scraped...
[2025-12-03T19:04:46.598+0000] {scraper.py:103} INFO - Progress: 70/150 products scraped...
[2025-12-03T19:05:26.213+0000] {scraper.py:103} INFO - Progress: 80/150 products scraped...
[2025-12-03T19:05:29.171+0000] {scraper.py:288} WARNING - No product name found for https://arbuz.kz/ru/almaty/catalog/item/234125-batonchik_bounty_trio_shokoladnyi_82_5_g?ref=catalog
[2025-12-03T19:05:32.281+0000] {scraper.py:288} WARNING - No product name found for https://arbuz.kz/ru/almaty/catalog/item/260875-drazhe_m_m_s_s_arahisom_145_g?ref=catalog
[2025-12-03T19:06:01.600+0000] {scraper.py:103} INFO - Progress: 90/150 products scraped...
[2025-12-03T19:06:16.711+0000] {scraper.py:288} WARNING - No product name found for https://arbuz.kz/ru/almaty/catalog/item/314930-vareno-kopchenaya_grudka_kuricy_arbuz_select_kg?ref=catalog
[2025-12-03T19:06:29.825+0000] {scraper.py:288} WARNING - No product name found for https://arbuz.kz/ru/almaty/catalog/item/326417-narezka_karta_arbuz_select_x_meta_farm_250_g?ref=catalog
[2025-12-03T19:06:38.624+0000] {scraper.py:103} INFO - Progress: 100/150 products scraped...
[2025-12-03T19:07:15.917+0000] {scraper.py:103} INFO - Progress: 110/150 products scraped...
[2025-12-03T19:07:33.608+0000] {scraper.py:288} WARNING - No product name found for https://arbuz.kz/ru/almaty/catalog/item/261910-kolbasa_das_konskaya_polukopchenaya_600_g?ref=catalog
[2025-12-03T19:07:54.035+0000] {scraper.py:103} INFO - Progress: 120/150 products scraped...
[2025-12-03T19:08:19.261+0000] {scraper.py:288} WARNING - No product name found for https://arbuz.kz/ru/almaty/catalog/item/315259-nozhnicy_lei_manikyurnye_dlya_nogtei_zakruglennye_serebro_zatochennye?ref=catalog
[2025-12-03T19:08:31.028+0000] {scraper.py:103} INFO - Progress: 130/150 products scraped...
[2025-12-03T19:09:04.675+0000] {scraper.py:288} WARNING - No product name found for https://arbuz.kz/ru/almaty/catalog/item/327947-tomatnyi_sous_leonardi_ortolana_s_balzamicheskim_uksusom_iz_modeny_250_g?ref=catalog
[2025-12-03T19:09:05.172+0000] {scraper.py:103} INFO - Progress: 140/150 products scraped...
[2025-12-03T19:09:22.349+0000] {scraper.py:288} WARNING - No product name found for https://arbuz.kz/ru/almaty/catalog/item/329484-griby_casino_assorti_4_vida_230_g?ref=catalog
[2025-12-03T19:09:29.058+0000] {scraper.py:288} WARNING - No product name found for https://arbuz.kz/ru/almaty/catalog/item/329462-sous_bio_alnatura_tomatnyi_arrabbiata_350_ml?ref=catalog
[2025-12-03T19:09:39.148+0000] {scraper.py:288} WARNING - No product name found for https://arbuz.kz/ru/almaty/catalog/item/329467-uksus_bio_alnatura_condimento_bianco_vinnyi_dlya_zapravki_0_5_l?ref=catalog
[2025-12-03T19:09:40.030+0000] {scraper.py:123} INFO - ✅ Successfully scraped 139 products
[2025-12-03T19:09:40.059+0000] {airflow_dag.py:33} INFO - ✅ Scraped 139 products
[2025-12-03T19:09:40.059+0000] {python.py:201} INFO - Done. Returned value was: 139
[2025-12-03T19:09:40.073+0000] {taskinstance.py:1138} INFO - Marking task as SUCCESS. dag_id=arbuz_pipeline, task_id=scrape, execution_date=20251203T185010, start_date=20251203T185812, end_date=20251203T190940
[2025-12-03T19:09:40.106+0000] {local_task_job_runner.py:234} INFO - Task exited with return code 0
[2025-12-03T19:09:40.150+0000] {taskinstance.py:3281} INFO - 1 downstream tasks scheduled from follow-on schedule check
