[2025-12-03T18:38:12.742+0000] {taskinstance.py:1957} INFO - Dependencies all met for dep_context=non-requeueable deps ti=<TaskInstance: arbuz_pipeline.scrape manual__2025-12-03T18:38:09.473996+00:00 [queued]>
[2025-12-03T18:38:12.747+0000] {taskinstance.py:1957} INFO - Dependencies all met for dep_context=requeueable deps ti=<TaskInstance: arbuz_pipeline.scrape manual__2025-12-03T18:38:09.473996+00:00 [queued]>
[2025-12-03T18:38:12.747+0000] {taskinstance.py:2171} INFO - Starting attempt 1 of 3
[2025-12-03T18:38:12.755+0000] {taskinstance.py:2192} INFO - Executing <Task(PythonOperator): scrape> on 2025-12-03 18:38:09.473996+00:00
[2025-12-03T18:38:12.760+0000] {standard_task_runner.py:60} INFO - Started process 44 to run task
[2025-12-03T18:38:12.762+0000] {standard_task_runner.py:87} INFO - Running: ['***', 'tasks', 'run', 'arbuz_pipeline', 'scrape', 'manual__2025-12-03T18:38:09.473996+00:00', '--job-id', '4', '--raw', '--subdir', 'DAGS_FOLDER/***_dag.py', '--cfg-path', '/tmp/tmpsg_8e2u6']
[2025-12-03T18:38:12.766+0000] {standard_task_runner.py:88} INFO - Job 4: Subtask scrape
[2025-12-03T18:38:12.823+0000] {task_command.py:423} INFO - Running <TaskInstance: arbuz_pipeline.scrape manual__2025-12-03T18:38:09.473996+00:00 [running]> on host 1fb26157348d
[2025-12-03T18:38:12.878+0000] {taskinstance.py:2481} INFO - Exporting env vars: AIRFLOW_CTX_DAG_OWNER='***' AIRFLOW_CTX_DAG_ID='arbuz_pipeline' AIRFLOW_CTX_TASK_ID='scrape' AIRFLOW_CTX_EXECUTION_DATE='2025-12-03T18:38:09.473996+00:00' AIRFLOW_CTX_TRY_NUMBER='1' AIRFLOW_CTX_DAG_RUN_ID='manual__2025-12-03T18:38:09.473996+00:00'
[2025-12-03T18:38:12.879+0000] {airflow_dag.py:23} INFO - 🚀 Starting scraping task...
[2025-12-03T18:38:12.880+0000] {scraper.py:17} INFO - 🚀 Starting Arbuz.kz scraping (max 100 products)
[2025-12-03T18:38:13.786+0000] {scraper.py:104} INFO - Opening URL: https://arbuz.kz/ru/almaty/catalog/cat/225164-ovoshi_frukty_zelen#/
[2025-12-03T18:38:15.626+0000] {scraper.py:111} INFO - Page body loaded
[2025-12-03T18:38:20.789+0000] {scraper.py:130} INFO - Found 40 products with selector: .product-card__link
[2025-12-03T18:39:21.036+0000] {scraper.py:169} INFO - No more products to load: Timeout 60000ms exceeded.
[2025-12-03T18:39:21.039+0000] {scraper.py:172} INFO - Collected 0 product links
[2025-12-03T18:39:21.039+0000] {scraper.py:69} WARNING - No product links found!
[2025-12-03T18:39:21.145+0000] {airflow_dag.py:37} ERROR - ❌ Scraping failed: No products were scraped!
[2025-12-03T18:39:21.146+0000] {taskinstance.py:2699} ERROR - Task failed with exception
Traceback (most recent call last):
  File "/home/airflow/.local/lib/python3.11/site-packages/airflow/models/taskinstance.py", line 428, in _execute_task
    result = execute_callable(context=context, **execute_callable_kwargs)
             ^^^^^^^^^^^^^^^^^^^^^^^^^^^^^^^^^^^^^^^^^^^^^^^^^^^^^^^^^^^^
  File "/home/airflow/.local/lib/python3.11/site-packages/airflow/operators/python.py", line 199, in execute
    return_value = self.execute_callable()
                   ^^^^^^^^^^^^^^^^^^^^^^^
  File "/home/airflow/.local/lib/python3.11/site-packages/airflow/operators/python.py", line 216, in execute_callable
    return self.python_callable(*self.op_args, **self.op_kwargs)
           ^^^^^^^^^^^^^^^^^^^^^^^^^^^^^^^^^^^^^^^^^^^^^^^^^^^^^
  File "/opt/airflow/dags/airflow_dag.py", line 29, in scrape_task
    raise ValueError("No products were scraped!")
ValueError: No products were scraped!
[2025-12-03T18:39:21.187+0000] {taskinstance.py:1138} INFO - Marking task as UP_FOR_RETRY. dag_id=arbuz_pipeline, task_id=scrape, execution_date=20251203T183809, start_date=20251203T183812, end_date=20251203T183921
[2025-12-03T18:39:21.214+0000] {standard_task_runner.py:107} ERROR - Failed to execute job 4 for task scrape (No products were scraped!; 44)
[2025-12-03T18:39:21.261+0000] {local_task_job_runner.py:234} INFO - Task exited with return code 1
[2025-12-03T18:39:21.289+0000] {taskinstance.py:3281} INFO - 0 downstream tasks scheduled from follow-on schedule check
