[2025-12-01T21:14:26.881+0000] {taskinstance.py:1957} INFO - Dependencies all met for dep_context=non-requeueable deps ti=<TaskInstance: arbuz_pipeline.scrape scheduled__2025-11-30T10:00:00+00:00 [queued]>
[2025-12-01T21:14:26.901+0000] {taskinstance.py:1957} INFO - Dependencies all met for dep_context=requeueable deps ti=<TaskInstance: arbuz_pipeline.scrape scheduled__2025-11-30T10:00:00+00:00 [queued]>
[2025-12-01T21:14:26.902+0000] {taskinstance.py:2171} INFO - Starting attempt 2 of 3
[2025-12-01T21:14:26.922+0000] {taskinstance.py:2192} INFO - Executing <Task(PythonOperator): scrape> on 2025-11-30 10:00:00+00:00
[2025-12-01T21:14:27.016+0000] {standard_task_runner.py:60} INFO - Started process 42 to run task
[2025-12-01T21:14:27.074+0000] {standard_task_runner.py:87} INFO - Running: ['***', 'tasks', 'run', 'arbuz_pipeline', 'scrape', 'scheduled__2025-11-30T10:00:00+00:00', '--job-id', '4', '--raw', '--subdir', 'DAGS_FOLDER/***_dag.py', '--cfg-path', '/tmp/tmpd3knpqc4']
[2025-12-01T21:14:27.127+0000] {standard_task_runner.py:88} INFO - Job 4: Subtask scrape
[2025-12-01T21:14:27.867+0000] {task_command.py:423} INFO - Running <TaskInstance: arbuz_pipeline.scrape scheduled__2025-11-30T10:00:00+00:00 [running]> on host ef82a04a9e3d
[2025-12-01T21:14:28.321+0000] {taskinstance.py:2481} INFO - Exporting env vars: AIRFLOW_CTX_DAG_OWNER='***' AIRFLOW_CTX_DAG_ID='arbuz_pipeline' AIRFLOW_CTX_TASK_ID='scrape' AIRFLOW_CTX_EXECUTION_DATE='2025-11-30T10:00:00+00:00' AIRFLOW_CTX_TRY_NUMBER='2' AIRFLOW_CTX_DAG_RUN_ID='scheduled__2025-11-30T10:00:00+00:00'
[2025-12-01T21:14:28.354+0000] {airflow_dag.py:17} INFO - Starting scraping task...
[2025-12-01T21:14:28.355+0000] {scraper.py:177} INFO - 🚀 Starting Arbuz.kz scraping (max 1000 products)
[2025-12-01T21:14:31.138+0000] {local_task_job_runner.py:121} ERROR - Received SIGTERM. Terminating subprocesses
[2025-12-01T21:14:31.185+0000] {process_utils.py:131} INFO - Sending 15 to group 42. PIDs of all processes in the group: [42]
[2025-12-01T21:14:31.199+0000] {process_utils.py:86} INFO - Sending the signal 15 to group 42
[2025-12-01T21:14:31.202+0000] {taskinstance.py:2451} ERROR - Received SIGTERM. Terminating subprocesses.
[2025-12-01T21:14:31.236+0000] {scraper.py:38} ERROR - Cannot connect to selenium: Task received SIGTERM signal
[2025-12-01T21:14:31.386+0000] {taskinstance.py:2699} ERROR - Task failed with exception
Traceback (most recent call last):
  File "/home/airflow/.local/lib/python3.11/site-packages/airflow/models/taskinstance.py", line 433, in _execute_task
    result = execute_callable(context=context, **execute_callable_kwargs)
             ^^^^^^^^^^^^^^^^^^^^^^^^^^^^^^^^^^^^^^^^^^^^^^^^^^^^^^^^^^^^
  File "/home/airflow/.local/lib/python3.11/site-packages/airflow/operators/python.py", line 199, in execute
    return_value = self.execute_callable()
                   ^^^^^^^^^^^^^^^^^^^^^^^
  File "/home/airflow/.local/lib/python3.11/site-packages/airflow/operators/python.py", line 216, in execute_callable
    return self.python_callable(*self.op_args, **self.op_kwargs)
           ^^^^^^^^^^^^^^^^^^^^^^^^^^^^^^^^^^^^^^^^^^^^^^^^^^^^^
  File "/opt/airflow/dags/airflow_dag.py", line 18, in scrape_task
    products = scrape_arbuz(max_products=1000)
               ^^^^^^^^^^^^^^^^^^^^^^^^^^^^^^^
  File "/opt/airflow/src/scraper.py", line 182, in scrape_arbuz
    with get_driver() as driver:
  File "/usr/local/lib/python3.11/contextlib.py", line 137, in __enter__
    return next(self.gen)
           ^^^^^^^^^^^^^^
  File "/opt/airflow/src/scraper.py", line 33, in get_driver
    driver = webdriver.Remote(command_executor=remote_url, options=options)
             ^^^^^^^^^^^^^^^^^^^^^^^^^^^^^^^^^^^^^^^^^^^^^^^^^^^^^^^^^^^^^^
  File "/home/airflow/.local/lib/python3.11/site-packages/selenium/webdriver/remote/webdriver.py", line 209, in __init__
    self.start_session(capabilities)
  File "/home/airflow/.local/lib/python3.11/site-packages/selenium/webdriver/remote/webdriver.py", line 293, in start_session
    response = self.execute(Command.NEW_SESSION, caps)["value"]
               ^^^^^^^^^^^^^^^^^^^^^^^^^^^^^^^^^^^^^^^
  File "/home/airflow/.local/lib/python3.11/site-packages/selenium/webdriver/remote/webdriver.py", line 346, in execute
    response = self.command_executor.execute(driver_command, params)
               ^^^^^^^^^^^^^^^^^^^^^^^^^^^^^^^^^^^^^^^^^^^^^^^^^^^^^
  File "/home/airflow/.local/lib/python3.11/site-packages/selenium/webdriver/remote/remote_connection.py", line 300, in execute
    return self._request(command_info[0], url, body=data)
           ^^^^^^^^^^^^^^^^^^^^^^^^^^^^^^^^^^^^^^^^^^^^^^
  File "/home/airflow/.local/lib/python3.11/site-packages/selenium/webdriver/remote/remote_connection.py", line 321, in _request
    response = self._conn.request(method, url, body=body, headers=headers)
               ^^^^^^^^^^^^^^^^^^^^^^^^^^^^^^^^^^^^^^^^^^^^^^^^^^^^^^^^^^^
  File "/home/airflow/.local/lib/python3.11/site-packages/urllib3/_request_methods.py", line 118, in request
    return self.request_encode_body(
           ^^^^^^^^^^^^^^^^^^^^^^^^^
  File "/home/airflow/.local/lib/python3.11/site-packages/urllib3/_request_methods.py", line 217, in request_encode_body
    return self.urlopen(method, url, **extra_kw)
           ^^^^^^^^^^^^^^^^^^^^^^^^^^^^^^^^^^^^^
  File "/home/airflow/.local/lib/python3.11/site-packages/urllib3/poolmanager.py", line 443, in urlopen
    response = conn.urlopen(method, u.request_uri, **kw)
               ^^^^^^^^^^^^^^^^^^^^^^^^^^^^^^^^^^^^^^^^^
  File "/home/airflow/.local/lib/python3.11/site-packages/urllib3/connectionpool.py", line 790, in urlopen
    response = self._make_request(
               ^^^^^^^^^^^^^^^^^^^
  File "/home/airflow/.local/lib/python3.11/site-packages/urllib3/connectionpool.py", line 536, in _make_request
    response = conn.getresponse()
               ^^^^^^^^^^^^^^^^^^
  File "/home/airflow/.local/lib/python3.11/site-packages/urllib3/connection.py", line 461, in getresponse
    httplib_response = super().getresponse()
                       ^^^^^^^^^^^^^^^^^^^^^
  File "/usr/local/lib/python3.11/http/client.py", line 1386, in getresponse
    response.begin()
  File "/usr/local/lib/python3.11/http/client.py", line 325, in begin
    version, status, reason = self._read_status()
                              ^^^^^^^^^^^^^^^^^^^
  File "/usr/local/lib/python3.11/http/client.py", line 286, in _read_status
    line = str(self.fp.readline(_MAXLINE + 1), "iso-8859-1")
               ^^^^^^^^^^^^^^^^^^^^^^^^^^^^^^
  File "/usr/local/lib/python3.11/socket.py", line 706, in readinto
    return self._sock.recv_into(b)
           ^^^^^^^^^^^^^^^^^^^^^^^
  File "/home/airflow/.local/lib/python3.11/site-packages/airflow/models/taskinstance.py", line 2453, in signal_handler
    raise AirflowException("Task received SIGTERM signal")
airflow.exceptions.AirflowException: Task received SIGTERM signal
[2025-12-01T21:14:31.588+0000] {taskinstance.py:1138} INFO - Marking task as UP_FOR_RETRY. dag_id=arbuz_pipeline, task_id=scrape, execution_date=20251130T100000, start_date=20251201T211426, end_date=20251201T211431
[2025-12-01T21:14:31.670+0000] {standard_task_runner.py:107} ERROR - Failed to execute job 4 for task scrape (Task received SIGTERM signal; 42)
[2025-12-01T21:14:31.723+0000] {process_utils.py:79} INFO - Process psutil.Process(pid=42, status='terminated', exitcode=1, started='21:14:26') (42) terminated with exit code 1
[2025-12-01T21:14:31.725+0000] {local_task_job_runner.py:234} INFO - Task exited with return code 143
[2025-12-01T21:14:31.843+0000] {taskinstance.py:3281} INFO - 0 downstream tasks scheduled from follow-on schedule check
