[2025-12-03T18:13:06.518+0000] {processor.py:161} INFO - Started process (PID=25) to work on /opt/airflow/dags/airflow_dag.py
[2025-12-03T18:13:06.527+0000] {processor.py:830} INFO - Processing file /opt/airflow/dags/airflow_dag.py for tasks to queue
[2025-12-03T18:13:06.541+0000] {logging_mixin.py:188} INFO - [2025-12-03T18:13:06.533+0000] {dagbag.py:538} INFO - Filling up the DagBag from /opt/airflow/dags/airflow_dag.py
[2025-12-03T18:13:10.858+0000] {processor.py:840} INFO - DAG(s) 'arbuz_pipeline' retrieved from /opt/airflow/dags/airflow_dag.py
[2025-12-03T18:13:12.357+0000] {logging_mixin.py:188} INFO - [2025-12-03T18:13:12.355+0000] {override.py:1769} INFO - Created Permission View: can read on DAG:arbuz_pipeline
[2025-12-03T18:13:12.412+0000] {logging_mixin.py:188} INFO - [2025-12-03T18:13:12.411+0000] {override.py:1769} INFO - Created Permission View: can edit on DAG:arbuz_pipeline
[2025-12-03T18:13:12.464+0000] {logging_mixin.py:188} INFO - [2025-12-03T18:13:12.464+0000] {override.py:1769} INFO - Created Permission View: can delete on DAG:arbuz_pipeline
[2025-12-03T18:13:12.468+0000] {logging_mixin.py:188} INFO - [2025-12-03T18:13:12.466+0000] {dag.py:3033} INFO - Sync 1 DAGs
[2025-12-03T18:13:12.520+0000] {logging_mixin.py:188} INFO - [2025-12-03T18:13:12.519+0000] {dag.py:3055} INFO - Creating ORM DAG for arbuz_pipeline
[2025-12-03T18:13:12.555+0000] {logging_mixin.py:188} INFO - [2025-12-03T18:13:12.554+0000] {dag.py:3820} INFO - Setting next_dagrun for arbuz_pipeline to 2025-12-02T10:00:00+00:00, run_after=2025-12-03T10:00:00+00:00
[2025-12-03T18:13:12.697+0000] {processor.py:183} INFO - Processing /opt/airflow/dags/airflow_dag.py took 6.186 seconds
[2025-12-03T18:13:43.162+0000] {processor.py:161} INFO - Started process (PID=33) to work on /opt/airflow/dags/airflow_dag.py
[2025-12-03T18:13:43.191+0000] {processor.py:830} INFO - Processing file /opt/airflow/dags/airflow_dag.py for tasks to queue
[2025-12-03T18:13:43.213+0000] {logging_mixin.py:188} INFO - [2025-12-03T18:13:43.212+0000] {dagbag.py:538} INFO - Filling up the DagBag from /opt/airflow/dags/airflow_dag.py
[2025-12-03T18:13:43.790+0000] {processor.py:840} INFO - DAG(s) 'arbuz_pipeline' retrieved from /opt/airflow/dags/airflow_dag.py
[2025-12-03T18:13:43.864+0000] {logging_mixin.py:188} INFO - [2025-12-03T18:13:43.863+0000] {dag.py:3033} INFO - Sync 1 DAGs
[2025-12-03T18:13:43.901+0000] {logging_mixin.py:188} INFO - [2025-12-03T18:13:43.900+0000] {dag.py:3820} INFO - Setting next_dagrun for arbuz_pipeline to 2025-12-02T10:00:00+00:00, run_after=2025-12-03T10:00:00+00:00
[2025-12-03T18:13:43.971+0000] {processor.py:183} INFO - Processing /opt/airflow/dags/airflow_dag.py took 0.817 seconds
[2025-12-03T18:14:14.774+0000] {processor.py:161} INFO - Started process (PID=41) to work on /opt/airflow/dags/airflow_dag.py
[2025-12-03T18:14:14.777+0000] {processor.py:830} INFO - Processing file /opt/airflow/dags/airflow_dag.py for tasks to queue
[2025-12-03T18:14:14.788+0000] {logging_mixin.py:188} INFO - [2025-12-03T18:14:14.783+0000] {dagbag.py:538} INFO - Filling up the DagBag from /opt/airflow/dags/airflow_dag.py
[2025-12-03T18:14:15.401+0000] {processor.py:840} INFO - DAG(s) 'arbuz_pipeline' retrieved from /opt/airflow/dags/airflow_dag.py
[2025-12-03T18:14:15.434+0000] {logging_mixin.py:188} INFO - [2025-12-03T18:14:15.434+0000] {dag.py:3033} INFO - Sync 1 DAGs
[2025-12-03T18:14:15.468+0000] {logging_mixin.py:188} INFO - [2025-12-03T18:14:15.468+0000] {dag.py:3820} INFO - Setting next_dagrun for arbuz_pipeline to 2025-12-02T10:00:00+00:00, run_after=2025-12-03T10:00:00+00:00
[2025-12-03T18:14:15.532+0000] {processor.py:183} INFO - Processing /opt/airflow/dags/airflow_dag.py took 0.768 seconds
[2025-12-03T18:14:46.199+0000] {processor.py:161} INFO - Started process (PID=49) to work on /opt/airflow/dags/airflow_dag.py
[2025-12-03T18:14:46.204+0000] {processor.py:830} INFO - Processing file /opt/airflow/dags/airflow_dag.py for tasks to queue
[2025-12-03T18:14:46.208+0000] {logging_mixin.py:188} INFO - [2025-12-03T18:14:46.207+0000] {dagbag.py:538} INFO - Filling up the DagBag from /opt/airflow/dags/airflow_dag.py
[2025-12-03T18:14:47.025+0000] {processor.py:840} INFO - DAG(s) 'arbuz_pipeline' retrieved from /opt/airflow/dags/airflow_dag.py
[2025-12-03T18:14:47.084+0000] {logging_mixin.py:188} INFO - [2025-12-03T18:14:47.083+0000] {dag.py:3033} INFO - Sync 1 DAGs
[2025-12-03T18:14:47.114+0000] {logging_mixin.py:188} INFO - [2025-12-03T18:14:47.114+0000] {dag.py:3820} INFO - Setting next_dagrun for arbuz_pipeline to 2025-12-02T10:00:00+00:00, run_after=2025-12-03T10:00:00+00:00
[2025-12-03T18:14:48.046+0000] {processor.py:183} INFO - Processing /opt/airflow/dags/airflow_dag.py took 1.855 seconds
[2025-12-03T18:15:18.729+0000] {processor.py:161} INFO - Started process (PID=57) to work on /opt/airflow/dags/airflow_dag.py
[2025-12-03T18:15:18.738+0000] {processor.py:830} INFO - Processing file /opt/airflow/dags/airflow_dag.py for tasks to queue
[2025-12-03T18:15:18.742+0000] {logging_mixin.py:188} INFO - [2025-12-03T18:15:18.739+0000] {dagbag.py:538} INFO - Filling up the DagBag from /opt/airflow/dags/airflow_dag.py
[2025-12-03T18:15:21.462+0000] {processor.py:840} INFO - DAG(s) 'arbuz_pipeline' retrieved from /opt/airflow/dags/airflow_dag.py
[2025-12-03T18:15:21.655+0000] {logging_mixin.py:188} INFO - [2025-12-03T18:15:21.654+0000] {dag.py:3033} INFO - Sync 1 DAGs
[2025-12-03T18:15:21.714+0000] {logging_mixin.py:188} INFO - [2025-12-03T18:15:21.714+0000] {dag.py:3820} INFO - Setting next_dagrun for arbuz_pipeline to 2025-12-02T10:00:00+00:00, run_after=2025-12-03T10:00:00+00:00
[2025-12-03T18:15:21.808+0000] {processor.py:183} INFO - Processing /opt/airflow/dags/airflow_dag.py took 3.111 seconds
[2025-12-03T18:15:52.171+0000] {processor.py:161} INFO - Started process (PID=65) to work on /opt/airflow/dags/airflow_dag.py
[2025-12-03T18:15:52.173+0000] {processor.py:830} INFO - Processing file /opt/airflow/dags/airflow_dag.py for tasks to queue
[2025-12-03T18:15:52.174+0000] {logging_mixin.py:188} INFO - [2025-12-03T18:15:52.173+0000] {dagbag.py:538} INFO - Filling up the DagBag from /opt/airflow/dags/airflow_dag.py
[2025-12-03T18:15:52.679+0000] {processor.py:840} INFO - DAG(s) 'arbuz_pipeline' retrieved from /opt/airflow/dags/airflow_dag.py
[2025-12-03T18:15:52.754+0000] {logging_mixin.py:188} INFO - [2025-12-03T18:15:52.754+0000] {dag.py:3033} INFO - Sync 1 DAGs
[2025-12-03T18:15:52.780+0000] {logging_mixin.py:188} INFO - [2025-12-03T18:15:52.780+0000] {dag.py:3820} INFO - Setting next_dagrun for arbuz_pipeline to 2025-12-02T10:00:00+00:00, run_after=2025-12-03T10:00:00+00:00
[2025-12-03T18:15:53.192+0000] {processor.py:183} INFO - Processing /opt/airflow/dags/airflow_dag.py took 1.023 seconds
[2025-12-03T18:31:52.496+0000] {processor.py:161} INFO - Started process (PID=25) to work on /opt/airflow/dags/airflow_dag.py
[2025-12-03T18:31:52.500+0000] {processor.py:830} INFO - Processing file /opt/airflow/dags/airflow_dag.py for tasks to queue
[2025-12-03T18:31:52.502+0000] {logging_mixin.py:188} INFO - [2025-12-03T18:31:52.501+0000] {dagbag.py:538} INFO - Filling up the DagBag from /opt/airflow/dags/airflow_dag.py
[2025-12-03T18:31:52.831+0000] {processor.py:840} INFO - DAG(s) 'arbuz_pipeline' retrieved from /opt/airflow/dags/airflow_dag.py
[2025-12-03T18:31:53.039+0000] {logging_mixin.py:188} INFO - [2025-12-03T18:31:53.038+0000] {override.py:1769} INFO - Created Permission View: can edit on DAG:arbuz_pipeline
[2025-12-03T18:31:53.045+0000] {logging_mixin.py:188} INFO - [2025-12-03T18:31:53.045+0000] {override.py:1769} INFO - Created Permission View: can delete on DAG:arbuz_pipeline
[2025-12-03T18:31:53.048+0000] {logging_mixin.py:188} INFO - [2025-12-03T18:31:53.048+0000] {override.py:1769} INFO - Created Permission View: can read on DAG:arbuz_pipeline
[2025-12-03T18:31:53.048+0000] {logging_mixin.py:188} INFO - [2025-12-03T18:31:53.048+0000] {dag.py:3033} INFO - Sync 1 DAGs
[2025-12-03T18:31:53.057+0000] {logging_mixin.py:188} INFO - [2025-12-03T18:31:53.056+0000] {dag.py:3055} INFO - Creating ORM DAG for arbuz_pipeline
[2025-12-03T18:31:53.064+0000] {logging_mixin.py:188} INFO - [2025-12-03T18:31:53.063+0000] {dag.py:3820} INFO - Setting next_dagrun for arbuz_pipeline to 2025-12-02T10:00:00+00:00, run_after=2025-12-03T10:00:00+00:00
[2025-12-03T18:31:53.075+0000] {processor.py:183} INFO - Processing /opt/airflow/dags/airflow_dag.py took 0.590 seconds
[2025-12-03T18:32:23.359+0000] {processor.py:161} INFO - Started process (PID=33) to work on /opt/airflow/dags/airflow_dag.py
[2025-12-03T18:32:23.360+0000] {processor.py:830} INFO - Processing file /opt/airflow/dags/airflow_dag.py for tasks to queue
[2025-12-03T18:32:23.362+0000] {logging_mixin.py:188} INFO - [2025-12-03T18:32:23.361+0000] {dagbag.py:538} INFO - Filling up the DagBag from /opt/airflow/dags/airflow_dag.py
[2025-12-03T18:32:23.745+0000] {processor.py:840} INFO - DAG(s) 'arbuz_pipeline' retrieved from /opt/airflow/dags/airflow_dag.py
[2025-12-03T18:32:23.769+0000] {logging_mixin.py:188} INFO - [2025-12-03T18:32:23.769+0000] {dag.py:3033} INFO - Sync 1 DAGs
[2025-12-03T18:32:23.789+0000] {logging_mixin.py:188} INFO - [2025-12-03T18:32:23.789+0000] {dag.py:3820} INFO - Setting next_dagrun for arbuz_pipeline to 2025-12-02T10:00:00+00:00, run_after=2025-12-03T10:00:00+00:00
[2025-12-03T18:32:23.801+0000] {processor.py:183} INFO - Processing /opt/airflow/dags/airflow_dag.py took 0.449 seconds
[2025-12-03T18:32:54.100+0000] {processor.py:161} INFO - Started process (PID=40) to work on /opt/airflow/dags/airflow_dag.py
[2025-12-03T18:32:54.105+0000] {processor.py:830} INFO - Processing file /opt/airflow/dags/airflow_dag.py for tasks to queue
[2025-12-03T18:32:54.107+0000] {logging_mixin.py:188} INFO - [2025-12-03T18:32:54.106+0000] {dagbag.py:538} INFO - Filling up the DagBag from /opt/airflow/dags/airflow_dag.py
[2025-12-03T18:32:54.432+0000] {processor.py:840} INFO - DAG(s) 'arbuz_pipeline' retrieved from /opt/airflow/dags/airflow_dag.py
[2025-12-03T18:32:54.458+0000] {logging_mixin.py:188} INFO - [2025-12-03T18:32:54.458+0000] {dag.py:3033} INFO - Sync 1 DAGs
[2025-12-03T18:32:54.483+0000] {logging_mixin.py:188} INFO - [2025-12-03T18:32:54.483+0000] {dag.py:3820} INFO - Setting next_dagrun for arbuz_pipeline to 2025-12-02T10:00:00+00:00, run_after=2025-12-03T10:00:00+00:00
[2025-12-03T18:32:54.496+0000] {processor.py:183} INFO - Processing /opt/airflow/dags/airflow_dag.py took 0.407 seconds
[2025-12-03T18:33:25.009+0000] {processor.py:161} INFO - Started process (PID=213) to work on /opt/airflow/dags/airflow_dag.py
[2025-12-03T18:33:25.011+0000] {processor.py:830} INFO - Processing file /opt/airflow/dags/airflow_dag.py for tasks to queue
[2025-12-03T18:33:25.021+0000] {logging_mixin.py:188} INFO - [2025-12-03T18:33:25.012+0000] {dagbag.py:538} INFO - Filling up the DagBag from /opt/airflow/dags/airflow_dag.py
[2025-12-03T18:33:25.418+0000] {processor.py:840} INFO - DAG(s) 'arbuz_pipeline' retrieved from /opt/airflow/dags/airflow_dag.py
[2025-12-03T18:33:25.453+0000] {logging_mixin.py:188} INFO - [2025-12-03T18:33:25.453+0000] {dag.py:3033} INFO - Sync 1 DAGs
[2025-12-03T18:33:25.489+0000] {processor.py:183} INFO - Processing /opt/airflow/dags/airflow_dag.py took 0.489 seconds
[2025-12-03T18:33:55.775+0000] {processor.py:161} INFO - Started process (PID=223) to work on /opt/airflow/dags/airflow_dag.py
[2025-12-03T18:33:55.776+0000] {processor.py:830} INFO - Processing file /opt/airflow/dags/airflow_dag.py for tasks to queue
[2025-12-03T18:33:55.777+0000] {logging_mixin.py:188} INFO - [2025-12-03T18:33:55.776+0000] {dagbag.py:538} INFO - Filling up the DagBag from /opt/airflow/dags/airflow_dag.py
[2025-12-03T18:33:56.049+0000] {processor.py:840} INFO - DAG(s) 'arbuz_pipeline' retrieved from /opt/airflow/dags/airflow_dag.py
[2025-12-03T18:33:56.067+0000] {logging_mixin.py:188} INFO - [2025-12-03T18:33:56.066+0000] {dag.py:3033} INFO - Sync 1 DAGs
[2025-12-03T18:33:56.084+0000] {logging_mixin.py:188} INFO - [2025-12-03T18:33:56.083+0000] {dag.py:3820} INFO - Setting next_dagrun for arbuz_pipeline to 2025-12-03T10:00:00+00:00, run_after=2025-12-04T10:00:00+00:00
[2025-12-03T18:33:56.095+0000] {processor.py:183} INFO - Processing /opt/airflow/dags/airflow_dag.py took 0.324 seconds
[2025-12-03T18:34:26.284+0000] {processor.py:161} INFO - Started process (PID=231) to work on /opt/airflow/dags/airflow_dag.py
[2025-12-03T18:34:26.287+0000] {processor.py:830} INFO - Processing file /opt/airflow/dags/airflow_dag.py for tasks to queue
[2025-12-03T18:34:26.288+0000] {logging_mixin.py:188} INFO - [2025-12-03T18:34:26.287+0000] {dagbag.py:538} INFO - Filling up the DagBag from /opt/airflow/dags/airflow_dag.py
[2025-12-03T18:34:26.641+0000] {processor.py:840} INFO - DAG(s) 'arbuz_pipeline' retrieved from /opt/airflow/dags/airflow_dag.py
[2025-12-03T18:34:26.667+0000] {logging_mixin.py:188} INFO - [2025-12-03T18:34:26.666+0000] {dag.py:3033} INFO - Sync 1 DAGs
[2025-12-03T18:34:26.689+0000] {logging_mixin.py:188} INFO - [2025-12-03T18:34:26.689+0000] {dag.py:3820} INFO - Setting next_dagrun for arbuz_pipeline to 2025-12-03T10:00:00+00:00, run_after=2025-12-04T10:00:00+00:00
[2025-12-03T18:34:26.701+0000] {processor.py:183} INFO - Processing /opt/airflow/dags/airflow_dag.py took 0.424 seconds
[2025-12-03T18:34:56.982+0000] {processor.py:161} INFO - Started process (PID=239) to work on /opt/airflow/dags/airflow_dag.py
[2025-12-03T18:34:56.983+0000] {processor.py:830} INFO - Processing file /opt/airflow/dags/airflow_dag.py for tasks to queue
[2025-12-03T18:34:56.985+0000] {logging_mixin.py:188} INFO - [2025-12-03T18:34:56.984+0000] {dagbag.py:538} INFO - Filling up the DagBag from /opt/airflow/dags/airflow_dag.py
[2025-12-03T18:34:57.344+0000] {processor.py:840} INFO - DAG(s) 'arbuz_pipeline' retrieved from /opt/airflow/dags/airflow_dag.py
[2025-12-03T18:34:57.380+0000] {logging_mixin.py:188} INFO - [2025-12-03T18:34:57.380+0000] {dag.py:3033} INFO - Sync 1 DAGs
[2025-12-03T18:34:57.402+0000] {logging_mixin.py:188} INFO - [2025-12-03T18:34:57.402+0000] {dag.py:3820} INFO - Setting next_dagrun for arbuz_pipeline to 2025-12-03T10:00:00+00:00, run_after=2025-12-04T10:00:00+00:00
[2025-12-03T18:34:57.420+0000] {processor.py:183} INFO - Processing /opt/airflow/dags/airflow_dag.py took 0.444 seconds
[2025-12-03T18:35:27.717+0000] {processor.py:161} INFO - Started process (PID=247) to work on /opt/airflow/dags/airflow_dag.py
[2025-12-03T18:35:27.719+0000] {processor.py:830} INFO - Processing file /opt/airflow/dags/airflow_dag.py for tasks to queue
[2025-12-03T18:35:27.721+0000] {logging_mixin.py:188} INFO - [2025-12-03T18:35:27.720+0000] {dagbag.py:538} INFO - Filling up the DagBag from /opt/airflow/dags/airflow_dag.py
[2025-12-03T18:35:28.077+0000] {processor.py:840} INFO - DAG(s) 'arbuz_pipeline' retrieved from /opt/airflow/dags/airflow_dag.py
[2025-12-03T18:35:28.120+0000] {logging_mixin.py:188} INFO - [2025-12-03T18:35:28.120+0000] {dag.py:3033} INFO - Sync 1 DAGs
[2025-12-03T18:35:28.142+0000] {logging_mixin.py:188} INFO - [2025-12-03T18:35:28.141+0000] {dag.py:3820} INFO - Setting next_dagrun for arbuz_pipeline to 2025-12-03T10:00:00+00:00, run_after=2025-12-04T10:00:00+00:00
[2025-12-03T18:35:28.155+0000] {processor.py:183} INFO - Processing /opt/airflow/dags/airflow_dag.py took 0.440 seconds
[2025-12-03T18:35:58.314+0000] {processor.py:161} INFO - Started process (PID=249) to work on /opt/airflow/dags/airflow_dag.py
[2025-12-03T18:35:58.316+0000] {processor.py:830} INFO - Processing file /opt/airflow/dags/airflow_dag.py for tasks to queue
[2025-12-03T18:35:58.318+0000] {logging_mixin.py:188} INFO - [2025-12-03T18:35:58.317+0000] {dagbag.py:538} INFO - Filling up the DagBag from /opt/airflow/dags/airflow_dag.py
[2025-12-03T18:35:58.710+0000] {processor.py:840} INFO - DAG(s) 'arbuz_pipeline' retrieved from /opt/airflow/dags/airflow_dag.py
[2025-12-03T18:35:58.760+0000] {logging_mixin.py:188} INFO - [2025-12-03T18:35:58.760+0000] {dag.py:3033} INFO - Sync 1 DAGs
[2025-12-03T18:35:58.780+0000] {logging_mixin.py:188} INFO - [2025-12-03T18:35:58.780+0000] {dag.py:3820} INFO - Setting next_dagrun for arbuz_pipeline to 2025-12-03T10:00:00+00:00, run_after=2025-12-04T10:00:00+00:00
[2025-12-03T18:35:58.794+0000] {processor.py:183} INFO - Processing /opt/airflow/dags/airflow_dag.py took 0.496 seconds
[2025-12-03T18:36:29.256+0000] {processor.py:161} INFO - Started process (PID=257) to work on /opt/airflow/dags/airflow_dag.py
[2025-12-03T18:36:29.265+0000] {processor.py:830} INFO - Processing file /opt/airflow/dags/airflow_dag.py for tasks to queue
[2025-12-03T18:36:29.269+0000] {logging_mixin.py:188} INFO - [2025-12-03T18:36:29.266+0000] {dagbag.py:538} INFO - Filling up the DagBag from /opt/airflow/dags/airflow_dag.py
[2025-12-03T18:36:29.731+0000] {processor.py:840} INFO - DAG(s) 'arbuz_pipeline' retrieved from /opt/airflow/dags/airflow_dag.py
[2025-12-03T18:36:29.787+0000] {logging_mixin.py:188} INFO - [2025-12-03T18:36:29.786+0000] {dag.py:3033} INFO - Sync 1 DAGs
[2025-12-03T18:36:29.812+0000] {logging_mixin.py:188} INFO - [2025-12-03T18:36:29.812+0000] {dag.py:3820} INFO - Setting next_dagrun for arbuz_pipeline to 2025-12-03T10:00:00+00:00, run_after=2025-12-04T10:00:00+00:00
[2025-12-03T18:36:29.825+0000] {processor.py:183} INFO - Processing /opt/airflow/dags/airflow_dag.py took 0.588 seconds
[2025-12-03T18:37:22.490+0000] {processor.py:161} INFO - Started process (PID=25) to work on /opt/airflow/dags/airflow_dag.py
[2025-12-03T18:37:22.493+0000] {processor.py:830} INFO - Processing file /opt/airflow/dags/airflow_dag.py for tasks to queue
[2025-12-03T18:37:22.495+0000] {logging_mixin.py:188} INFO - [2025-12-03T18:37:22.495+0000] {dagbag.py:538} INFO - Filling up the DagBag from /opt/airflow/dags/airflow_dag.py
[2025-12-03T18:37:22.892+0000] {processor.py:840} INFO - DAG(s) 'arbuz_pipeline' retrieved from /opt/airflow/dags/airflow_dag.py
[2025-12-03T18:37:22.917+0000] {logging_mixin.py:188} INFO - [2025-12-03T18:37:22.916+0000] {dag.py:3033} INFO - Sync 1 DAGs
[2025-12-03T18:37:22.938+0000] {logging_mixin.py:188} INFO - [2025-12-03T18:37:22.938+0000] {dag.py:3820} INFO - Setting next_dagrun for arbuz_pipeline to 2025-12-03T10:00:00+00:00, run_after=2025-12-04T10:00:00+00:00
[2025-12-03T18:37:22.952+0000] {processor.py:183} INFO - Processing /opt/airflow/dags/airflow_dag.py took 0.468 seconds
[2025-12-03T18:37:53.274+0000] {processor.py:161} INFO - Started process (PID=33) to work on /opt/airflow/dags/airflow_dag.py
[2025-12-03T18:37:53.275+0000] {processor.py:830} INFO - Processing file /opt/airflow/dags/airflow_dag.py for tasks to queue
[2025-12-03T18:37:53.277+0000] {logging_mixin.py:188} INFO - [2025-12-03T18:37:53.276+0000] {dagbag.py:538} INFO - Filling up the DagBag from /opt/airflow/dags/airflow_dag.py
[2025-12-03T18:37:53.656+0000] {processor.py:840} INFO - DAG(s) 'arbuz_pipeline' retrieved from /opt/airflow/dags/airflow_dag.py
[2025-12-03T18:37:53.851+0000] {logging_mixin.py:188} INFO - [2025-12-03T18:37:53.851+0000] {dag.py:3033} INFO - Sync 1 DAGs
[2025-12-03T18:37:53.866+0000] {logging_mixin.py:188} INFO - [2025-12-03T18:37:53.866+0000] {dag.py:3820} INFO - Setting next_dagrun for arbuz_pipeline to 2025-12-03T10:00:00+00:00, run_after=2025-12-04T10:00:00+00:00
[2025-12-03T18:37:53.878+0000] {processor.py:183} INFO - Processing /opt/airflow/dags/airflow_dag.py took 0.612 seconds
[2025-12-03T18:38:24.233+0000] {processor.py:161} INFO - Started process (PID=201) to work on /opt/airflow/dags/airflow_dag.py
[2025-12-03T18:38:24.235+0000] {processor.py:830} INFO - Processing file /opt/airflow/dags/airflow_dag.py for tasks to queue
[2025-12-03T18:38:24.238+0000] {logging_mixin.py:188} INFO - [2025-12-03T18:38:24.237+0000] {dagbag.py:538} INFO - Filling up the DagBag from /opt/airflow/dags/airflow_dag.py
[2025-12-03T18:38:24.656+0000] {processor.py:840} INFO - DAG(s) 'arbuz_pipeline' retrieved from /opt/airflow/dags/airflow_dag.py
[2025-12-03T18:38:24.690+0000] {logging_mixin.py:188} INFO - [2025-12-03T18:38:24.690+0000] {dag.py:3033} INFO - Sync 1 DAGs
[2025-12-03T18:38:24.751+0000] {processor.py:183} INFO - Processing /opt/airflow/dags/airflow_dag.py took 0.528 seconds
[2025-12-03T18:38:55.035+0000] {processor.py:161} INFO - Started process (PID=208) to work on /opt/airflow/dags/airflow_dag.py
[2025-12-03T18:38:55.037+0000] {processor.py:830} INFO - Processing file /opt/airflow/dags/airflow_dag.py for tasks to queue
[2025-12-03T18:38:55.039+0000] {logging_mixin.py:188} INFO - [2025-12-03T18:38:55.038+0000] {dagbag.py:538} INFO - Filling up the DagBag from /opt/airflow/dags/airflow_dag.py
[2025-12-03T18:38:55.391+0000] {processor.py:840} INFO - DAG(s) 'arbuz_pipeline' retrieved from /opt/airflow/dags/airflow_dag.py
[2025-12-03T18:38:55.422+0000] {logging_mixin.py:188} INFO - [2025-12-03T18:38:55.422+0000] {dag.py:3033} INFO - Sync 1 DAGs
[2025-12-03T18:38:55.470+0000] {processor.py:183} INFO - Processing /opt/airflow/dags/airflow_dag.py took 0.441 seconds
[2025-12-03T18:39:25.757+0000] {processor.py:161} INFO - Started process (PID=220) to work on /opt/airflow/dags/airflow_dag.py
[2025-12-03T18:39:25.759+0000] {processor.py:830} INFO - Processing file /opt/airflow/dags/airflow_dag.py for tasks to queue
[2025-12-03T18:39:25.760+0000] {logging_mixin.py:188} INFO - [2025-12-03T18:39:25.759+0000] {dagbag.py:538} INFO - Filling up the DagBag from /opt/airflow/dags/airflow_dag.py
[2025-12-03T18:39:26.120+0000] {processor.py:840} INFO - DAG(s) 'arbuz_pipeline' retrieved from /opt/airflow/dags/airflow_dag.py
[2025-12-03T18:39:26.146+0000] {logging_mixin.py:188} INFO - [2025-12-03T18:39:26.146+0000] {dag.py:3033} INFO - Sync 1 DAGs
[2025-12-03T18:39:26.177+0000] {processor.py:183} INFO - Processing /opt/airflow/dags/airflow_dag.py took 0.425 seconds
[2025-12-03T18:39:56.445+0000] {processor.py:161} INFO - Started process (PID=228) to work on /opt/airflow/dags/airflow_dag.py
[2025-12-03T18:39:56.447+0000] {processor.py:830} INFO - Processing file /opt/airflow/dags/airflow_dag.py for tasks to queue
[2025-12-03T18:39:56.448+0000] {logging_mixin.py:188} INFO - [2025-12-03T18:39:56.447+0000] {dagbag.py:538} INFO - Filling up the DagBag from /opt/airflow/dags/airflow_dag.py
[2025-12-03T18:39:56.809+0000] {processor.py:840} INFO - DAG(s) 'arbuz_pipeline' retrieved from /opt/airflow/dags/airflow_dag.py
[2025-12-03T18:39:56.839+0000] {logging_mixin.py:188} INFO - [2025-12-03T18:39:56.839+0000] {dag.py:3033} INFO - Sync 1 DAGs
[2025-12-03T18:39:56.859+0000] {logging_mixin.py:188} INFO - [2025-12-03T18:39:56.859+0000] {dag.py:3820} INFO - Setting next_dagrun for arbuz_pipeline to 2025-12-03T10:00:00+00:00, run_after=2025-12-04T10:00:00+00:00
[2025-12-03T18:39:56.872+0000] {processor.py:183} INFO - Processing /opt/airflow/dags/airflow_dag.py took 0.433 seconds
[2025-12-03T18:40:27.163+0000] {processor.py:161} INFO - Started process (PID=236) to work on /opt/airflow/dags/airflow_dag.py
[2025-12-03T18:40:27.165+0000] {processor.py:830} INFO - Processing file /opt/airflow/dags/airflow_dag.py for tasks to queue
[2025-12-03T18:40:27.166+0000] {logging_mixin.py:188} INFO - [2025-12-03T18:40:27.166+0000] {dagbag.py:538} INFO - Filling up the DagBag from /opt/airflow/dags/airflow_dag.py
[2025-12-03T18:40:27.468+0000] {processor.py:840} INFO - DAG(s) 'arbuz_pipeline' retrieved from /opt/airflow/dags/airflow_dag.py
[2025-12-03T18:40:27.496+0000] {logging_mixin.py:188} INFO - [2025-12-03T18:40:27.496+0000] {dag.py:3033} INFO - Sync 1 DAGs
[2025-12-03T18:40:27.514+0000] {logging_mixin.py:188} INFO - [2025-12-03T18:40:27.514+0000] {dag.py:3820} INFO - Setting next_dagrun for arbuz_pipeline to 2025-12-03T10:00:00+00:00, run_after=2025-12-04T10:00:00+00:00
[2025-12-03T18:40:27.528+0000] {processor.py:183} INFO - Processing /opt/airflow/dags/airflow_dag.py took 0.371 seconds
[2025-12-03T18:41:29.208+0000] {processor.py:161} INFO - Started process (PID=25) to work on /opt/airflow/dags/airflow_dag.py
[2025-12-03T18:41:29.220+0000] {processor.py:830} INFO - Processing file /opt/airflow/dags/airflow_dag.py for tasks to queue
[2025-12-03T18:41:29.226+0000] {logging_mixin.py:188} INFO - [2025-12-03T18:41:29.225+0000] {dagbag.py:538} INFO - Filling up the DagBag from /opt/airflow/dags/airflow_dag.py
[2025-12-03T18:41:29.922+0000] {processor.py:840} INFO - DAG(s) 'arbuz_pipeline' retrieved from /opt/airflow/dags/airflow_dag.py
[2025-12-03T18:41:29.956+0000] {logging_mixin.py:188} INFO - [2025-12-03T18:41:29.955+0000] {dag.py:3033} INFO - Sync 1 DAGs
[2025-12-03T18:41:29.989+0000] {logging_mixin.py:188} INFO - [2025-12-03T18:41:29.989+0000] {dag.py:3820} INFO - Setting next_dagrun for arbuz_pipeline to 2025-12-03T10:00:00+00:00, run_after=2025-12-04T10:00:00+00:00
[2025-12-03T18:41:30.005+0000] {processor.py:183} INFO - Processing /opt/airflow/dags/airflow_dag.py took 0.841 seconds
[2025-12-03T18:42:00.340+0000] {processor.py:161} INFO - Started process (PID=33) to work on /opt/airflow/dags/airflow_dag.py
[2025-12-03T18:42:00.341+0000] {processor.py:830} INFO - Processing file /opt/airflow/dags/airflow_dag.py for tasks to queue
[2025-12-03T18:42:00.342+0000] {logging_mixin.py:188} INFO - [2025-12-03T18:42:00.341+0000] {dagbag.py:538} INFO - Filling up the DagBag from /opt/airflow/dags/airflow_dag.py
[2025-12-03T18:42:00.651+0000] {processor.py:840} INFO - DAG(s) 'arbuz_pipeline' retrieved from /opt/airflow/dags/airflow_dag.py
[2025-12-03T18:42:00.813+0000] {logging_mixin.py:188} INFO - [2025-12-03T18:42:00.812+0000] {dag.py:3033} INFO - Sync 1 DAGs
[2025-12-03T18:42:00.826+0000] {logging_mixin.py:188} INFO - [2025-12-03T18:42:00.826+0000] {dag.py:3820} INFO - Setting next_dagrun for arbuz_pipeline to 2025-12-03T10:00:00+00:00, run_after=2025-12-04T10:00:00+00:00
[2025-12-03T18:42:00.837+0000] {processor.py:183} INFO - Processing /opt/airflow/dags/airflow_dag.py took 0.503 seconds
[2025-12-03T18:42:30.912+0000] {processor.py:161} INFO - Started process (PID=213) to work on /opt/airflow/dags/airflow_dag.py
[2025-12-03T18:42:30.913+0000] {processor.py:830} INFO - Processing file /opt/airflow/dags/airflow_dag.py for tasks to queue
[2025-12-03T18:42:30.914+0000] {logging_mixin.py:188} INFO - [2025-12-03T18:42:30.914+0000] {dagbag.py:538} INFO - Filling up the DagBag from /opt/airflow/dags/airflow_dag.py
[2025-12-03T18:42:31.320+0000] {processor.py:840} INFO - DAG(s) 'arbuz_pipeline' retrieved from /opt/airflow/dags/airflow_dag.py
[2025-12-03T18:42:31.344+0000] {logging_mixin.py:188} INFO - [2025-12-03T18:42:31.344+0000] {dag.py:3033} INFO - Sync 1 DAGs
[2025-12-03T18:42:31.372+0000] {processor.py:183} INFO - Processing /opt/airflow/dags/airflow_dag.py took 0.468 seconds
[2025-12-03T18:43:01.616+0000] {processor.py:161} INFO - Started process (PID=221) to work on /opt/airflow/dags/airflow_dag.py
[2025-12-03T18:43:01.617+0000] {processor.py:830} INFO - Processing file /opt/airflow/dags/airflow_dag.py for tasks to queue
[2025-12-03T18:43:01.618+0000] {logging_mixin.py:188} INFO - [2025-12-03T18:43:01.617+0000] {dagbag.py:538} INFO - Filling up the DagBag from /opt/airflow/dags/airflow_dag.py
[2025-12-03T18:43:01.986+0000] {processor.py:840} INFO - DAG(s) 'arbuz_pipeline' retrieved from /opt/airflow/dags/airflow_dag.py
[2025-12-03T18:43:02.017+0000] {logging_mixin.py:188} INFO - [2025-12-03T18:43:02.016+0000] {dag.py:3033} INFO - Sync 1 DAGs
[2025-12-03T18:43:02.048+0000] {processor.py:183} INFO - Processing /opt/airflow/dags/airflow_dag.py took 0.439 seconds
[2025-12-03T18:43:32.409+0000] {processor.py:161} INFO - Started process (PID=241) to work on /opt/airflow/dags/airflow_dag.py
[2025-12-03T18:43:32.411+0000] {processor.py:830} INFO - Processing file /opt/airflow/dags/airflow_dag.py for tasks to queue
[2025-12-03T18:43:32.414+0000] {logging_mixin.py:188} INFO - [2025-12-03T18:43:32.413+0000] {dagbag.py:538} INFO - Filling up the DagBag from /opt/airflow/dags/airflow_dag.py
[2025-12-03T18:43:32.805+0000] {processor.py:840} INFO - DAG(s) 'arbuz_pipeline' retrieved from /opt/airflow/dags/airflow_dag.py
[2025-12-03T18:43:32.847+0000] {logging_mixin.py:188} INFO - [2025-12-03T18:43:32.847+0000] {dag.py:3033} INFO - Sync 1 DAGs
[2025-12-03T18:43:32.882+0000] {processor.py:183} INFO - Processing /opt/airflow/dags/airflow_dag.py took 0.482 seconds
[2025-12-03T18:44:03.241+0000] {processor.py:161} INFO - Started process (PID=332) to work on /opt/airflow/dags/airflow_dag.py
[2025-12-03T18:44:03.243+0000] {processor.py:830} INFO - Processing file /opt/airflow/dags/airflow_dag.py for tasks to queue
[2025-12-03T18:44:03.244+0000] {logging_mixin.py:188} INFO - [2025-12-03T18:44:03.244+0000] {dagbag.py:538} INFO - Filling up the DagBag from /opt/airflow/dags/airflow_dag.py
[2025-12-03T18:44:03.597+0000] {processor.py:840} INFO - DAG(s) 'arbuz_pipeline' retrieved from /opt/airflow/dags/airflow_dag.py
[2025-12-03T18:44:03.623+0000] {logging_mixin.py:188} INFO - [2025-12-03T18:44:03.623+0000] {dag.py:3033} INFO - Sync 1 DAGs
[2025-12-03T18:44:03.660+0000] {processor.py:183} INFO - Processing /opt/airflow/dags/airflow_dag.py took 0.423 seconds
[2025-12-03T18:44:33.932+0000] {processor.py:161} INFO - Started process (PID=421) to work on /opt/airflow/dags/airflow_dag.py
[2025-12-03T18:44:33.933+0000] {processor.py:830} INFO - Processing file /opt/airflow/dags/airflow_dag.py for tasks to queue
[2025-12-03T18:44:33.935+0000] {logging_mixin.py:188} INFO - [2025-12-03T18:44:33.934+0000] {dagbag.py:538} INFO - Filling up the DagBag from /opt/airflow/dags/airflow_dag.py
[2025-12-03T18:44:34.337+0000] {processor.py:840} INFO - DAG(s) 'arbuz_pipeline' retrieved from /opt/airflow/dags/airflow_dag.py
[2025-12-03T18:44:34.382+0000] {logging_mixin.py:188} INFO - [2025-12-03T18:44:34.382+0000] {dag.py:3033} INFO - Sync 1 DAGs
[2025-12-03T18:44:34.435+0000] {processor.py:183} INFO - Processing /opt/airflow/dags/airflow_dag.py took 0.517 seconds
[2025-12-03T18:45:04.751+0000] {processor.py:161} INFO - Started process (PID=504) to work on /opt/airflow/dags/airflow_dag.py
[2025-12-03T18:45:04.763+0000] {processor.py:830} INFO - Processing file /opt/airflow/dags/airflow_dag.py for tasks to queue
[2025-12-03T18:45:04.771+0000] {logging_mixin.py:188} INFO - [2025-12-03T18:45:04.769+0000] {dagbag.py:538} INFO - Filling up the DagBag from /opt/airflow/dags/airflow_dag.py
[2025-12-03T18:45:05.344+0000] {processor.py:840} INFO - DAG(s) 'arbuz_pipeline' retrieved from /opt/airflow/dags/airflow_dag.py
[2025-12-03T18:45:05.386+0000] {logging_mixin.py:188} INFO - [2025-12-03T18:45:05.386+0000] {dag.py:3033} INFO - Sync 1 DAGs
[2025-12-03T18:45:05.424+0000] {processor.py:183} INFO - Processing /opt/airflow/dags/airflow_dag.py took 0.682 seconds
[2025-12-03T18:45:35.952+0000] {processor.py:161} INFO - Started process (PID=597) to work on /opt/airflow/dags/airflow_dag.py
[2025-12-03T18:45:35.966+0000] {processor.py:830} INFO - Processing file /opt/airflow/dags/airflow_dag.py for tasks to queue
[2025-12-03T18:45:35.970+0000] {logging_mixin.py:188} INFO - [2025-12-03T18:45:35.969+0000] {dagbag.py:538} INFO - Filling up the DagBag from /opt/airflow/dags/airflow_dag.py
[2025-12-03T18:45:36.869+0000] {processor.py:840} INFO - DAG(s) 'arbuz_pipeline' retrieved from /opt/airflow/dags/airflow_dag.py
[2025-12-03T18:45:37.019+0000] {logging_mixin.py:188} INFO - [2025-12-03T18:45:37.016+0000] {dag.py:3033} INFO - Sync 1 DAGs
[2025-12-03T18:45:37.183+0000] {processor.py:183} INFO - Processing /opt/airflow/dags/airflow_dag.py took 1.264 seconds
[2025-12-03T18:46:07.377+0000] {processor.py:161} INFO - Started process (PID=690) to work on /opt/airflow/dags/airflow_dag.py
[2025-12-03T18:46:07.379+0000] {processor.py:830} INFO - Processing file /opt/airflow/dags/airflow_dag.py for tasks to queue
[2025-12-03T18:46:07.381+0000] {logging_mixin.py:188} INFO - [2025-12-03T18:46:07.380+0000] {dagbag.py:538} INFO - Filling up the DagBag from /opt/airflow/dags/airflow_dag.py
[2025-12-03T18:46:07.745+0000] {processor.py:840} INFO - DAG(s) 'arbuz_pipeline' retrieved from /opt/airflow/dags/airflow_dag.py
[2025-12-03T18:46:07.797+0000] {logging_mixin.py:188} INFO - [2025-12-03T18:46:07.796+0000] {dag.py:3033} INFO - Sync 1 DAGs
[2025-12-03T18:46:07.837+0000] {processor.py:183} INFO - Processing /opt/airflow/dags/airflow_dag.py took 0.476 seconds
[2025-12-03T18:46:38.213+0000] {processor.py:161} INFO - Started process (PID=754) to work on /opt/airflow/dags/airflow_dag.py
[2025-12-03T18:46:38.215+0000] {processor.py:830} INFO - Processing file /opt/airflow/dags/airflow_dag.py for tasks to queue
[2025-12-03T18:46:38.217+0000] {logging_mixin.py:188} INFO - [2025-12-03T18:46:38.216+0000] {dagbag.py:538} INFO - Filling up the DagBag from /opt/airflow/dags/airflow_dag.py
[2025-12-03T18:46:38.627+0000] {processor.py:840} INFO - DAG(s) 'arbuz_pipeline' retrieved from /opt/airflow/dags/airflow_dag.py
[2025-12-03T18:46:38.667+0000] {logging_mixin.py:188} INFO - [2025-12-03T18:46:38.667+0000] {dag.py:3033} INFO - Sync 1 DAGs
[2025-12-03T18:46:38.710+0000] {logging_mixin.py:188} INFO - [2025-12-03T18:46:38.710+0000] {dag.py:3820} INFO - Setting next_dagrun for arbuz_pipeline to 2025-12-03T10:00:00+00:00, run_after=2025-12-04T10:00:00+00:00
[2025-12-03T18:46:38.725+0000] {processor.py:183} INFO - Processing /opt/airflow/dags/airflow_dag.py took 0.522 seconds
[2025-12-03T18:47:09.066+0000] {processor.py:161} INFO - Started process (PID=762) to work on /opt/airflow/dags/airflow_dag.py
[2025-12-03T18:47:09.068+0000] {processor.py:830} INFO - Processing file /opt/airflow/dags/airflow_dag.py for tasks to queue
[2025-12-03T18:47:09.069+0000] {logging_mixin.py:188} INFO - [2025-12-03T18:47:09.068+0000] {dagbag.py:538} INFO - Filling up the DagBag from /opt/airflow/dags/airflow_dag.py
[2025-12-03T18:47:09.484+0000] {processor.py:840} INFO - DAG(s) 'arbuz_pipeline' retrieved from /opt/airflow/dags/airflow_dag.py
[2025-12-03T18:47:09.517+0000] {logging_mixin.py:188} INFO - [2025-12-03T18:47:09.517+0000] {dag.py:3033} INFO - Sync 1 DAGs
[2025-12-03T18:47:09.540+0000] {logging_mixin.py:188} INFO - [2025-12-03T18:47:09.540+0000] {dag.py:3820} INFO - Setting next_dagrun for arbuz_pipeline to 2025-12-03T10:00:00+00:00, run_after=2025-12-04T10:00:00+00:00
[2025-12-03T18:47:09.556+0000] {processor.py:183} INFO - Processing /opt/airflow/dags/airflow_dag.py took 0.500 seconds
[2025-12-03T18:47:39.947+0000] {processor.py:161} INFO - Started process (PID=770) to work on /opt/airflow/dags/airflow_dag.py
[2025-12-03T18:47:39.949+0000] {processor.py:830} INFO - Processing file /opt/airflow/dags/airflow_dag.py for tasks to queue
[2025-12-03T18:47:39.951+0000] {logging_mixin.py:188} INFO - [2025-12-03T18:47:39.950+0000] {dagbag.py:538} INFO - Filling up the DagBag from /opt/airflow/dags/airflow_dag.py
[2025-12-03T18:47:40.337+0000] {processor.py:840} INFO - DAG(s) 'arbuz_pipeline' retrieved from /opt/airflow/dags/airflow_dag.py
[2025-12-03T18:47:40.371+0000] {logging_mixin.py:188} INFO - [2025-12-03T18:47:40.370+0000] {dag.py:3033} INFO - Sync 1 DAGs
[2025-12-03T18:47:40.392+0000] {logging_mixin.py:188} INFO - [2025-12-03T18:47:40.392+0000] {dag.py:3820} INFO - Setting next_dagrun for arbuz_pipeline to 2025-12-03T10:00:00+00:00, run_after=2025-12-04T10:00:00+00:00
[2025-12-03T18:47:40.407+0000] {processor.py:183} INFO - Processing /opt/airflow/dags/airflow_dag.py took 0.471 seconds
[2025-12-03T18:48:10.820+0000] {processor.py:161} INFO - Started process (PID=778) to work on /opt/airflow/dags/airflow_dag.py
[2025-12-03T18:48:10.822+0000] {processor.py:830} INFO - Processing file /opt/airflow/dags/airflow_dag.py for tasks to queue
[2025-12-03T18:48:10.824+0000] {logging_mixin.py:188} INFO - [2025-12-03T18:48:10.823+0000] {dagbag.py:538} INFO - Filling up the DagBag from /opt/airflow/dags/airflow_dag.py
[2025-12-03T18:48:11.434+0000] {processor.py:840} INFO - DAG(s) 'arbuz_pipeline' retrieved from /opt/airflow/dags/airflow_dag.py
[2025-12-03T18:48:11.507+0000] {logging_mixin.py:188} INFO - [2025-12-03T18:48:11.505+0000] {dag.py:3033} INFO - Sync 1 DAGs
[2025-12-03T18:48:11.583+0000] {logging_mixin.py:188} INFO - [2025-12-03T18:48:11.583+0000] {dag.py:3820} INFO - Setting next_dagrun for arbuz_pipeline to 2025-12-03T10:00:00+00:00, run_after=2025-12-04T10:00:00+00:00
[2025-12-03T18:48:11.604+0000] {processor.py:183} INFO - Processing /opt/airflow/dags/airflow_dag.py took 0.794 seconds
[2025-12-03T18:48:37.150+0000] {processor.py:161} INFO - Started process (PID=786) to work on /opt/airflow/dags/airflow_dag.py
[2025-12-03T18:48:37.151+0000] {processor.py:830} INFO - Processing file /opt/airflow/dags/airflow_dag.py for tasks to queue
[2025-12-03T18:48:37.153+0000] {logging_mixin.py:188} INFO - [2025-12-03T18:48:37.152+0000] {dagbag.py:538} INFO - Filling up the DagBag from /opt/airflow/dags/airflow_dag.py
[2025-12-03T18:48:37.519+0000] {processor.py:840} INFO - DAG(s) 'arbuz_pipeline' retrieved from /opt/airflow/dags/airflow_dag.py
[2025-12-03T18:48:37.546+0000] {logging_mixin.py:188} INFO - [2025-12-03T18:48:37.546+0000] {dag.py:3033} INFO - Sync 1 DAGs
[2025-12-03T18:48:37.568+0000] {logging_mixin.py:188} INFO - [2025-12-03T18:48:37.568+0000] {dag.py:3820} INFO - Setting next_dagrun for arbuz_pipeline to 2025-12-03T10:00:00+00:00, run_after=2025-12-04T10:00:00+00:00
[2025-12-03T18:48:37.584+0000] {processor.py:183} INFO - Processing /opt/airflow/dags/airflow_dag.py took 0.444 seconds
[2025-12-03T18:49:26.085+0000] {processor.py:161} INFO - Started process (PID=25) to work on /opt/airflow/dags/airflow_dag.py
[2025-12-03T18:49:26.086+0000] {processor.py:830} INFO - Processing file /opt/airflow/dags/airflow_dag.py for tasks to queue
[2025-12-03T18:49:26.088+0000] {logging_mixin.py:188} INFO - [2025-12-03T18:49:26.088+0000] {dagbag.py:538} INFO - Filling up the DagBag from /opt/airflow/dags/airflow_dag.py
[2025-12-03T18:49:26.444+0000] {processor.py:840} INFO - DAG(s) 'arbuz_pipeline' retrieved from /opt/airflow/dags/airflow_dag.py
[2025-12-03T18:49:26.461+0000] {logging_mixin.py:188} INFO - [2025-12-03T18:49:26.460+0000] {dag.py:3033} INFO - Sync 1 DAGs
[2025-12-03T18:49:26.477+0000] {logging_mixin.py:188} INFO - [2025-12-03T18:49:26.477+0000] {dag.py:3820} INFO - Setting next_dagrun for arbuz_pipeline to 2025-12-03T10:00:00+00:00, run_after=2025-12-04T10:00:00+00:00
[2025-12-03T18:49:26.488+0000] {processor.py:183} INFO - Processing /opt/airflow/dags/airflow_dag.py took 0.406 seconds
[2025-12-03T18:49:56.748+0000] {processor.py:161} INFO - Started process (PID=33) to work on /opt/airflow/dags/airflow_dag.py
[2025-12-03T18:49:56.750+0000] {processor.py:830} INFO - Processing file /opt/airflow/dags/airflow_dag.py for tasks to queue
[2025-12-03T18:49:56.751+0000] {logging_mixin.py:188} INFO - [2025-12-03T18:49:56.750+0000] {dagbag.py:538} INFO - Filling up the DagBag from /opt/airflow/dags/airflow_dag.py
[2025-12-03T18:49:57.121+0000] {processor.py:840} INFO - DAG(s) 'arbuz_pipeline' retrieved from /opt/airflow/dags/airflow_dag.py
[2025-12-03T18:49:57.336+0000] {logging_mixin.py:188} INFO - [2025-12-03T18:49:57.336+0000] {dag.py:3033} INFO - Sync 1 DAGs
[2025-12-03T18:49:57.352+0000] {logging_mixin.py:188} INFO - [2025-12-03T18:49:57.352+0000] {dag.py:3820} INFO - Setting next_dagrun for arbuz_pipeline to 2025-12-03T10:00:00+00:00, run_after=2025-12-04T10:00:00+00:00
[2025-12-03T18:49:57.364+0000] {processor.py:183} INFO - Processing /opt/airflow/dags/airflow_dag.py took 0.622 seconds
[2025-12-03T18:50:27.699+0000] {processor.py:161} INFO - Started process (PID=202) to work on /opt/airflow/dags/airflow_dag.py
[2025-12-03T18:50:27.700+0000] {processor.py:830} INFO - Processing file /opt/airflow/dags/airflow_dag.py for tasks to queue
[2025-12-03T18:50:27.701+0000] {logging_mixin.py:188} INFO - [2025-12-03T18:50:27.701+0000] {dagbag.py:538} INFO - Filling up the DagBag from /opt/airflow/dags/airflow_dag.py
[2025-12-03T18:50:28.062+0000] {processor.py:840} INFO - DAG(s) 'arbuz_pipeline' retrieved from /opt/airflow/dags/airflow_dag.py
[2025-12-03T18:50:28.088+0000] {logging_mixin.py:188} INFO - [2025-12-03T18:50:28.088+0000] {dag.py:3033} INFO - Sync 1 DAGs
[2025-12-03T18:50:28.137+0000] {processor.py:183} INFO - Processing /opt/airflow/dags/airflow_dag.py took 0.443 seconds
[2025-12-03T18:50:58.416+0000] {processor.py:161} INFO - Started process (PID=210) to work on /opt/airflow/dags/airflow_dag.py
[2025-12-03T18:50:58.417+0000] {processor.py:830} INFO - Processing file /opt/airflow/dags/airflow_dag.py for tasks to queue
[2025-12-03T18:50:58.418+0000] {logging_mixin.py:188} INFO - [2025-12-03T18:50:58.418+0000] {dagbag.py:538} INFO - Filling up the DagBag from /opt/airflow/dags/airflow_dag.py
[2025-12-03T18:50:58.810+0000] {processor.py:840} INFO - DAG(s) 'arbuz_pipeline' retrieved from /opt/airflow/dags/airflow_dag.py
[2025-12-03T18:50:58.839+0000] {logging_mixin.py:188} INFO - [2025-12-03T18:50:58.838+0000] {dag.py:3033} INFO - Sync 1 DAGs
[2025-12-03T18:50:58.870+0000] {processor.py:183} INFO - Processing /opt/airflow/dags/airflow_dag.py took 0.461 seconds
[2025-12-03T18:51:29.141+0000] {processor.py:161} INFO - Started process (PID=225) to work on /opt/airflow/dags/airflow_dag.py
[2025-12-03T18:51:29.142+0000] {processor.py:830} INFO - Processing file /opt/airflow/dags/airflow_dag.py for tasks to queue
[2025-12-03T18:51:29.143+0000] {logging_mixin.py:188} INFO - [2025-12-03T18:51:29.143+0000] {dagbag.py:538} INFO - Filling up the DagBag from /opt/airflow/dags/airflow_dag.py
[2025-12-03T18:51:29.531+0000] {processor.py:840} INFO - DAG(s) 'arbuz_pipeline' retrieved from /opt/airflow/dags/airflow_dag.py
[2025-12-03T18:51:29.576+0000] {logging_mixin.py:188} INFO - [2025-12-03T18:51:29.576+0000] {dag.py:3033} INFO - Sync 1 DAGs
[2025-12-03T18:51:29.612+0000] {processor.py:183} INFO - Processing /opt/airflow/dags/airflow_dag.py took 0.476 seconds
[2025-12-03T18:52:00.086+0000] {processor.py:161} INFO - Started process (PID=254) to work on /opt/airflow/dags/airflow_dag.py
[2025-12-03T18:52:00.088+0000] {processor.py:830} INFO - Processing file /opt/airflow/dags/airflow_dag.py for tasks to queue
[2025-12-03T18:52:00.090+0000] {logging_mixin.py:188} INFO - [2025-12-03T18:52:00.089+0000] {dagbag.py:538} INFO - Filling up the DagBag from /opt/airflow/dags/airflow_dag.py
[2025-12-03T18:52:00.552+0000] {processor.py:840} INFO - DAG(s) 'arbuz_pipeline' retrieved from /opt/airflow/dags/airflow_dag.py
[2025-12-03T18:52:00.600+0000] {logging_mixin.py:188} INFO - [2025-12-03T18:52:00.600+0000] {dag.py:3033} INFO - Sync 1 DAGs
[2025-12-03T18:52:00.638+0000] {processor.py:183} INFO - Processing /opt/airflow/dags/airflow_dag.py took 0.559 seconds
[2025-12-03T18:52:31.263+0000] {processor.py:161} INFO - Started process (PID=286) to work on /opt/airflow/dags/airflow_dag.py
[2025-12-03T18:52:31.269+0000] {processor.py:830} INFO - Processing file /opt/airflow/dags/airflow_dag.py for tasks to queue
[2025-12-03T18:52:31.273+0000] {logging_mixin.py:188} INFO - [2025-12-03T18:52:31.272+0000] {dagbag.py:538} INFO - Filling up the DagBag from /opt/airflow/dags/airflow_dag.py
[2025-12-03T18:52:31.998+0000] {processor.py:840} INFO - DAG(s) 'arbuz_pipeline' retrieved from /opt/airflow/dags/airflow_dag.py
[2025-12-03T18:52:32.065+0000] {logging_mixin.py:188} INFO - [2025-12-03T18:52:32.064+0000] {dag.py:3033} INFO - Sync 1 DAGs
[2025-12-03T18:52:32.120+0000] {processor.py:183} INFO - Processing /opt/airflow/dags/airflow_dag.py took 0.872 seconds
[2025-12-03T18:53:02.908+0000] {processor.py:161} INFO - Started process (PID=316) to work on /opt/airflow/dags/airflow_dag.py
[2025-12-03T18:53:02.909+0000] {processor.py:830} INFO - Processing file /opt/airflow/dags/airflow_dag.py for tasks to queue
[2025-12-03T18:53:02.911+0000] {logging_mixin.py:188} INFO - [2025-12-03T18:53:02.910+0000] {dagbag.py:538} INFO - Filling up the DagBag from /opt/airflow/dags/airflow_dag.py
[2025-12-03T18:53:03.671+0000] {processor.py:840} INFO - DAG(s) 'arbuz_pipeline' retrieved from /opt/airflow/dags/airflow_dag.py
[2025-12-03T18:53:03.735+0000] {logging_mixin.py:188} INFO - [2025-12-03T18:53:03.734+0000] {dag.py:3033} INFO - Sync 1 DAGs
[2025-12-03T18:53:03.810+0000] {processor.py:183} INFO - Processing /opt/airflow/dags/airflow_dag.py took 0.908 seconds
[2025-12-03T18:53:34.726+0000] {processor.py:161} INFO - Started process (PID=333) to work on /opt/airflow/dags/airflow_dag.py
[2025-12-03T18:53:34.728+0000] {processor.py:830} INFO - Processing file /opt/airflow/dags/airflow_dag.py for tasks to queue
[2025-12-03T18:53:34.730+0000] {logging_mixin.py:188} INFO - [2025-12-03T18:53:34.729+0000] {dagbag.py:538} INFO - Filling up the DagBag from /opt/airflow/dags/airflow_dag.py
[2025-12-03T18:53:35.296+0000] {processor.py:840} INFO - DAG(s) 'arbuz_pipeline' retrieved from /opt/airflow/dags/airflow_dag.py
[2025-12-03T18:53:35.363+0000] {logging_mixin.py:188} INFO - [2025-12-03T18:53:35.362+0000] {dag.py:3033} INFO - Sync 1 DAGs
[2025-12-03T18:53:35.409+0000] {processor.py:183} INFO - Processing /opt/airflow/dags/airflow_dag.py took 0.699 seconds
[2025-12-03T18:54:39.615+0000] {processor.py:161} INFO - Started process (PID=25) to work on /opt/airflow/dags/airflow_dag.py
[2025-12-03T18:54:39.618+0000] {processor.py:830} INFO - Processing file /opt/airflow/dags/airflow_dag.py for tasks to queue
[2025-12-03T18:54:39.619+0000] {logging_mixin.py:188} INFO - [2025-12-03T18:54:39.618+0000] {dagbag.py:538} INFO - Filling up the DagBag from /opt/airflow/dags/airflow_dag.py
[2025-12-03T18:54:40.044+0000] {processor.py:840} INFO - DAG(s) 'arbuz_pipeline' retrieved from /opt/airflow/dags/airflow_dag.py
[2025-12-03T18:54:40.063+0000] {logging_mixin.py:188} INFO - [2025-12-03T18:54:40.062+0000] {dag.py:3033} INFO - Sync 1 DAGs
[2025-12-03T18:54:40.090+0000] {processor.py:183} INFO - Processing /opt/airflow/dags/airflow_dag.py took 0.480 seconds
[2025-12-03T18:55:10.548+0000] {processor.py:161} INFO - Started process (PID=239) to work on /opt/airflow/dags/airflow_dag.py
[2025-12-03T18:55:10.550+0000] {processor.py:830} INFO - Processing file /opt/airflow/dags/airflow_dag.py for tasks to queue
[2025-12-03T18:55:10.553+0000] {logging_mixin.py:188} INFO - [2025-12-03T18:55:10.551+0000] {dagbag.py:538} INFO - Filling up the DagBag from /opt/airflow/dags/airflow_dag.py
[2025-12-03T18:55:11.087+0000] {processor.py:840} INFO - DAG(s) 'arbuz_pipeline' retrieved from /opt/airflow/dags/airflow_dag.py
[2025-12-03T18:55:11.391+0000] {logging_mixin.py:188} INFO - [2025-12-03T18:55:11.391+0000] {dag.py:3033} INFO - Sync 1 DAGs
[2025-12-03T18:55:11.427+0000] {processor.py:183} INFO - Processing /opt/airflow/dags/airflow_dag.py took 0.900 seconds
[2025-12-03T18:55:42.135+0000] {processor.py:161} INFO - Started process (PID=308) to work on /opt/airflow/dags/airflow_dag.py
[2025-12-03T18:55:42.138+0000] {processor.py:830} INFO - Processing file /opt/airflow/dags/airflow_dag.py for tasks to queue
[2025-12-03T18:55:42.141+0000] {logging_mixin.py:188} INFO - [2025-12-03T18:55:42.140+0000] {dagbag.py:538} INFO - Filling up the DagBag from /opt/airflow/dags/airflow_dag.py
[2025-12-03T18:55:42.965+0000] {processor.py:840} INFO - DAG(s) 'arbuz_pipeline' retrieved from /opt/airflow/dags/airflow_dag.py
[2025-12-03T18:55:43.026+0000] {logging_mixin.py:188} INFO - [2025-12-03T18:55:43.024+0000] {dag.py:3033} INFO - Sync 1 DAGs
[2025-12-03T18:55:43.097+0000] {processor.py:183} INFO - Processing /opt/airflow/dags/airflow_dag.py took 0.988 seconds
[2025-12-03T18:56:13.669+0000] {processor.py:161} INFO - Started process (PID=402) to work on /opt/airflow/dags/airflow_dag.py
[2025-12-03T18:56:13.672+0000] {processor.py:830} INFO - Processing file /opt/airflow/dags/airflow_dag.py for tasks to queue
[2025-12-03T18:56:13.674+0000] {logging_mixin.py:188} INFO - [2025-12-03T18:56:13.673+0000] {dagbag.py:538} INFO - Filling up the DagBag from /opt/airflow/dags/airflow_dag.py
[2025-12-03T18:56:14.202+0000] {processor.py:840} INFO - DAG(s) 'arbuz_pipeline' retrieved from /opt/airflow/dags/airflow_dag.py
[2025-12-03T18:56:14.251+0000] {logging_mixin.py:188} INFO - [2025-12-03T18:56:14.250+0000] {dag.py:3033} INFO - Sync 1 DAGs
[2025-12-03T18:56:14.300+0000] {processor.py:183} INFO - Processing /opt/airflow/dags/airflow_dag.py took 0.660 seconds
[2025-12-03T18:56:44.777+0000] {processor.py:161} INFO - Started process (PID=494) to work on /opt/airflow/dags/airflow_dag.py
[2025-12-03T18:56:44.779+0000] {processor.py:830} INFO - Processing file /opt/airflow/dags/airflow_dag.py for tasks to queue
[2025-12-03T18:56:44.780+0000] {logging_mixin.py:188} INFO - [2025-12-03T18:56:44.779+0000] {dagbag.py:538} INFO - Filling up the DagBag from /opt/airflow/dags/airflow_dag.py
[2025-12-03T18:56:45.143+0000] {processor.py:840} INFO - DAG(s) 'arbuz_pipeline' retrieved from /opt/airflow/dags/airflow_dag.py
[2025-12-03T18:56:45.185+0000] {logging_mixin.py:188} INFO - [2025-12-03T18:56:45.184+0000] {dag.py:3033} INFO - Sync 1 DAGs
[2025-12-03T18:56:45.227+0000] {processor.py:183} INFO - Processing /opt/airflow/dags/airflow_dag.py took 0.456 seconds
[2025-12-03T18:57:15.411+0000] {processor.py:161} INFO - Started process (PID=594) to work on /opt/airflow/dags/airflow_dag.py
[2025-12-03T18:57:15.422+0000] {processor.py:830} INFO - Processing file /opt/airflow/dags/airflow_dag.py for tasks to queue
[2025-12-03T18:57:15.437+0000] {logging_mixin.py:188} INFO - [2025-12-03T18:57:15.429+0000] {dagbag.py:538} INFO - Filling up the DagBag from /opt/airflow/dags/airflow_dag.py
[2025-12-03T18:57:16.187+0000] {processor.py:840} INFO - DAG(s) 'arbuz_pipeline' retrieved from /opt/airflow/dags/airflow_dag.py
[2025-12-03T18:57:16.312+0000] {logging_mixin.py:188} INFO - [2025-12-03T18:57:16.310+0000] {dag.py:3033} INFO - Sync 1 DAGs
[2025-12-03T18:57:16.387+0000] {processor.py:183} INFO - Processing /opt/airflow/dags/airflow_dag.py took 0.997 seconds
[2025-12-03T18:58:10.142+0000] {processor.py:161} INFO - Started process (PID=24) to work on /opt/airflow/dags/airflow_dag.py
[2025-12-03T18:58:10.143+0000] {processor.py:830} INFO - Processing file /opt/airflow/dags/airflow_dag.py for tasks to queue
[2025-12-03T18:58:10.145+0000] {logging_mixin.py:188} INFO - [2025-12-03T18:58:10.145+0000] {dagbag.py:538} INFO - Filling up the DagBag from /opt/airflow/dags/airflow_dag.py
[2025-12-03T18:58:10.506+0000] {processor.py:840} INFO - DAG(s) 'arbuz_pipeline' retrieved from /opt/airflow/dags/airflow_dag.py
[2025-12-03T18:58:10.524+0000] {logging_mixin.py:188} INFO - [2025-12-03T18:58:10.524+0000] {dag.py:3033} INFO - Sync 1 DAGs
[2025-12-03T18:58:10.567+0000] {processor.py:183} INFO - Processing /opt/airflow/dags/airflow_dag.py took 0.429 seconds
[2025-12-03T18:58:41.042+0000] {processor.py:161} INFO - Started process (PID=215) to work on /opt/airflow/dags/airflow_dag.py
[2025-12-03T18:58:41.046+0000] {processor.py:830} INFO - Processing file /opt/airflow/dags/airflow_dag.py for tasks to queue
[2025-12-03T18:58:41.048+0000] {logging_mixin.py:188} INFO - [2025-12-03T18:58:41.047+0000] {dagbag.py:538} INFO - Filling up the DagBag from /opt/airflow/dags/airflow_dag.py
[2025-12-03T18:58:42.419+0000] {processor.py:840} INFO - DAG(s) 'arbuz_pipeline' retrieved from /opt/airflow/dags/airflow_dag.py
[2025-12-03T18:58:43.094+0000] {logging_mixin.py:188} INFO - [2025-12-03T18:58:43.084+0000] {dag.py:3033} INFO - Sync 1 DAGs
[2025-12-03T18:58:43.200+0000] {processor.py:183} INFO - Processing /opt/airflow/dags/airflow_dag.py took 2.193 seconds
[2025-12-03T18:59:13.367+0000] {processor.py:161} INFO - Started process (PID=258) to work on /opt/airflow/dags/airflow_dag.py
[2025-12-03T18:59:13.368+0000] {processor.py:830} INFO - Processing file /opt/airflow/dags/airflow_dag.py for tasks to queue
[2025-12-03T18:59:13.370+0000] {logging_mixin.py:188} INFO - [2025-12-03T18:59:13.369+0000] {dagbag.py:538} INFO - Filling up the DagBag from /opt/airflow/dags/airflow_dag.py
[2025-12-03T18:59:13.749+0000] {processor.py:840} INFO - DAG(s) 'arbuz_pipeline' retrieved from /opt/airflow/dags/airflow_dag.py
[2025-12-03T18:59:13.776+0000] {logging_mixin.py:188} INFO - [2025-12-03T18:59:13.776+0000] {dag.py:3033} INFO - Sync 1 DAGs
[2025-12-03T18:59:13.804+0000] {processor.py:183} INFO - Processing /opt/airflow/dags/airflow_dag.py took 0.446 seconds
[2025-12-03T18:59:43.971+0000] {processor.py:161} INFO - Started process (PID=290) to work on /opt/airflow/dags/airflow_dag.py
[2025-12-03T18:59:43.974+0000] {processor.py:830} INFO - Processing file /opt/airflow/dags/airflow_dag.py for tasks to queue
[2025-12-03T18:59:43.978+0000] {logging_mixin.py:188} INFO - [2025-12-03T18:59:43.976+0000] {dagbag.py:538} INFO - Filling up the DagBag from /opt/airflow/dags/airflow_dag.py
[2025-12-03T18:59:44.351+0000] {processor.py:840} INFO - DAG(s) 'arbuz_pipeline' retrieved from /opt/airflow/dags/airflow_dag.py
[2025-12-03T18:59:44.377+0000] {logging_mixin.py:188} INFO - [2025-12-03T18:59:44.377+0000] {dag.py:3033} INFO - Sync 1 DAGs
[2025-12-03T18:59:44.406+0000] {processor.py:183} INFO - Processing /opt/airflow/dags/airflow_dag.py took 0.457 seconds
[2025-12-03T19:00:14.603+0000] {processor.py:161} INFO - Started process (PID=381) to work on /opt/airflow/dags/airflow_dag.py
[2025-12-03T19:00:14.604+0000] {processor.py:830} INFO - Processing file /opt/airflow/dags/airflow_dag.py for tasks to queue
[2025-12-03T19:00:14.606+0000] {logging_mixin.py:188} INFO - [2025-12-03T19:00:14.605+0000] {dagbag.py:538} INFO - Filling up the DagBag from /opt/airflow/dags/airflow_dag.py
[2025-12-03T19:00:15.071+0000] {processor.py:840} INFO - DAG(s) 'arbuz_pipeline' retrieved from /opt/airflow/dags/airflow_dag.py
[2025-12-03T19:00:15.102+0000] {logging_mixin.py:188} INFO - [2025-12-03T19:00:15.101+0000] {dag.py:3033} INFO - Sync 1 DAGs
[2025-12-03T19:00:15.149+0000] {processor.py:183} INFO - Processing /opt/airflow/dags/airflow_dag.py took 0.553 seconds
[2025-12-03T19:00:45.757+0000] {processor.py:161} INFO - Started process (PID=495) to work on /opt/airflow/dags/airflow_dag.py
[2025-12-03T19:00:45.769+0000] {processor.py:830} INFO - Processing file /opt/airflow/dags/airflow_dag.py for tasks to queue
[2025-12-03T19:00:45.800+0000] {logging_mixin.py:188} INFO - [2025-12-03T19:00:45.791+0000] {dagbag.py:538} INFO - Filling up the DagBag from /opt/airflow/dags/airflow_dag.py
[2025-12-03T19:00:46.316+0000] {processor.py:840} INFO - DAG(s) 'arbuz_pipeline' retrieved from /opt/airflow/dags/airflow_dag.py
[2025-12-03T19:00:46.370+0000] {logging_mixin.py:188} INFO - [2025-12-03T19:00:46.369+0000] {dag.py:3033} INFO - Sync 1 DAGs
[2025-12-03T19:00:46.438+0000] {processor.py:183} INFO - Processing /opt/airflow/dags/airflow_dag.py took 0.730 seconds
[2025-12-03T19:01:17.096+0000] {processor.py:161} INFO - Started process (PID=591) to work on /opt/airflow/dags/airflow_dag.py
[2025-12-03T19:01:17.098+0000] {processor.py:830} INFO - Processing file /opt/airflow/dags/airflow_dag.py for tasks to queue
[2025-12-03T19:01:17.100+0000] {logging_mixin.py:188} INFO - [2025-12-03T19:01:17.099+0000] {dagbag.py:538} INFO - Filling up the DagBag from /opt/airflow/dags/airflow_dag.py
[2025-12-03T19:01:17.754+0000] {processor.py:840} INFO - DAG(s) 'arbuz_pipeline' retrieved from /opt/airflow/dags/airflow_dag.py
[2025-12-03T19:01:17.831+0000] {logging_mixin.py:188} INFO - [2025-12-03T19:01:17.830+0000] {dag.py:3033} INFO - Sync 1 DAGs
[2025-12-03T19:01:17.875+0000] {processor.py:183} INFO - Processing /opt/airflow/dags/airflow_dag.py took 0.803 seconds
[2025-12-03T19:01:48.670+0000] {processor.py:161} INFO - Started process (PID=671) to work on /opt/airflow/dags/airflow_dag.py
[2025-12-03T19:01:48.671+0000] {processor.py:830} INFO - Processing file /opt/airflow/dags/airflow_dag.py for tasks to queue
[2025-12-03T19:01:48.679+0000] {logging_mixin.py:188} INFO - [2025-12-03T19:01:48.674+0000] {dagbag.py:538} INFO - Filling up the DagBag from /opt/airflow/dags/airflow_dag.py
[2025-12-03T19:01:49.251+0000] {processor.py:840} INFO - DAG(s) 'arbuz_pipeline' retrieved from /opt/airflow/dags/airflow_dag.py
[2025-12-03T19:01:49.304+0000] {logging_mixin.py:188} INFO - [2025-12-03T19:01:49.304+0000] {dag.py:3033} INFO - Sync 1 DAGs
[2025-12-03T19:01:49.341+0000] {processor.py:183} INFO - Processing /opt/airflow/dags/airflow_dag.py took 0.680 seconds
[2025-12-03T19:02:20.028+0000] {processor.py:161} INFO - Started process (PID=766) to work on /opt/airflow/dags/airflow_dag.py
[2025-12-03T19:02:20.029+0000] {processor.py:830} INFO - Processing file /opt/airflow/dags/airflow_dag.py for tasks to queue
[2025-12-03T19:02:20.030+0000] {logging_mixin.py:188} INFO - [2025-12-03T19:02:20.030+0000] {dagbag.py:538} INFO - Filling up the DagBag from /opt/airflow/dags/airflow_dag.py
[2025-12-03T19:02:20.563+0000] {processor.py:840} INFO - DAG(s) 'arbuz_pipeline' retrieved from /opt/airflow/dags/airflow_dag.py
[2025-12-03T19:02:20.614+0000] {logging_mixin.py:188} INFO - [2025-12-03T19:02:20.614+0000] {dag.py:3033} INFO - Sync 1 DAGs
[2025-12-03T19:02:20.681+0000] {processor.py:183} INFO - Processing /opt/airflow/dags/airflow_dag.py took 0.657 seconds
[2025-12-03T19:02:51.338+0000] {processor.py:161} INFO - Started process (PID=839) to work on /opt/airflow/dags/airflow_dag.py
[2025-12-03T19:02:51.340+0000] {processor.py:830} INFO - Processing file /opt/airflow/dags/airflow_dag.py for tasks to queue
[2025-12-03T19:02:51.342+0000] {logging_mixin.py:188} INFO - [2025-12-03T19:02:51.341+0000] {dagbag.py:538} INFO - Filling up the DagBag from /opt/airflow/dags/airflow_dag.py
[2025-12-03T19:02:51.746+0000] {processor.py:840} INFO - DAG(s) 'arbuz_pipeline' retrieved from /opt/airflow/dags/airflow_dag.py
[2025-12-03T19:02:51.787+0000] {logging_mixin.py:188} INFO - [2025-12-03T19:02:51.786+0000] {dag.py:3033} INFO - Sync 1 DAGs
[2025-12-03T19:02:51.844+0000] {processor.py:183} INFO - Processing /opt/airflow/dags/airflow_dag.py took 0.513 seconds
[2025-12-03T19:03:22.144+0000] {processor.py:161} INFO - Started process (PID=882) to work on /opt/airflow/dags/airflow_dag.py
[2025-12-03T19:03:22.147+0000] {processor.py:830} INFO - Processing file /opt/airflow/dags/airflow_dag.py for tasks to queue
[2025-12-03T19:03:22.150+0000] {logging_mixin.py:188} INFO - [2025-12-03T19:03:22.149+0000] {dagbag.py:538} INFO - Filling up the DagBag from /opt/airflow/dags/airflow_dag.py
[2025-12-03T19:03:22.588+0000] {processor.py:840} INFO - DAG(s) 'arbuz_pipeline' retrieved from /opt/airflow/dags/airflow_dag.py
[2025-12-03T19:03:22.637+0000] {logging_mixin.py:188} INFO - [2025-12-03T19:03:22.637+0000] {dag.py:3033} INFO - Sync 1 DAGs
[2025-12-03T19:03:22.708+0000] {processor.py:183} INFO - Processing /opt/airflow/dags/airflow_dag.py took 0.573 seconds
[2025-12-03T19:03:53.183+0000] {processor.py:161} INFO - Started process (PID=986) to work on /opt/airflow/dags/airflow_dag.py
[2025-12-03T19:03:53.188+0000] {processor.py:830} INFO - Processing file /opt/airflow/dags/airflow_dag.py for tasks to queue
[2025-12-03T19:03:53.191+0000] {logging_mixin.py:188} INFO - [2025-12-03T19:03:53.189+0000] {dagbag.py:538} INFO - Filling up the DagBag from /opt/airflow/dags/airflow_dag.py
[2025-12-03T19:03:53.673+0000] {processor.py:840} INFO - DAG(s) 'arbuz_pipeline' retrieved from /opt/airflow/dags/airflow_dag.py
[2025-12-03T19:03:53.697+0000] {logging_mixin.py:188} INFO - [2025-12-03T19:03:53.697+0000] {dag.py:3033} INFO - Sync 1 DAGs
[2025-12-03T19:03:53.736+0000] {processor.py:183} INFO - Processing /opt/airflow/dags/airflow_dag.py took 0.571 seconds
[2025-12-03T19:04:24.119+0000] {processor.py:161} INFO - Started process (PID=1083) to work on /opt/airflow/dags/airflow_dag.py
[2025-12-03T19:04:24.124+0000] {processor.py:830} INFO - Processing file /opt/airflow/dags/airflow_dag.py for tasks to queue
[2025-12-03T19:04:24.126+0000] {logging_mixin.py:188} INFO - [2025-12-03T19:04:24.125+0000] {dagbag.py:538} INFO - Filling up the DagBag from /opt/airflow/dags/airflow_dag.py
[2025-12-03T19:04:25.090+0000] {processor.py:840} INFO - DAG(s) 'arbuz_pipeline' retrieved from /opt/airflow/dags/airflow_dag.py
[2025-12-03T19:04:25.214+0000] {logging_mixin.py:188} INFO - [2025-12-03T19:04:25.212+0000] {dag.py:3033} INFO - Sync 1 DAGs
[2025-12-03T19:04:25.322+0000] {processor.py:183} INFO - Processing /opt/airflow/dags/airflow_dag.py took 1.225 seconds
[2025-12-03T19:04:55.715+0000] {processor.py:161} INFO - Started process (PID=1182) to work on /opt/airflow/dags/airflow_dag.py
[2025-12-03T19:04:55.720+0000] {processor.py:830} INFO - Processing file /opt/airflow/dags/airflow_dag.py for tasks to queue
[2025-12-03T19:04:55.722+0000] {logging_mixin.py:188} INFO - [2025-12-03T19:04:55.721+0000] {dagbag.py:538} INFO - Filling up the DagBag from /opt/airflow/dags/airflow_dag.py
[2025-12-03T19:04:56.486+0000] {processor.py:840} INFO - DAG(s) 'arbuz_pipeline' retrieved from /opt/airflow/dags/airflow_dag.py
[2025-12-03T19:04:56.529+0000] {logging_mixin.py:188} INFO - [2025-12-03T19:04:56.528+0000] {dag.py:3033} INFO - Sync 1 DAGs
[2025-12-03T19:04:56.568+0000] {processor.py:183} INFO - Processing /opt/airflow/dags/airflow_dag.py took 0.876 seconds
[2025-12-03T19:05:27.144+0000] {processor.py:161} INFO - Started process (PID=1280) to work on /opt/airflow/dags/airflow_dag.py
[2025-12-03T19:05:27.145+0000] {processor.py:830} INFO - Processing file /opt/airflow/dags/airflow_dag.py for tasks to queue
[2025-12-03T19:05:27.147+0000] {logging_mixin.py:188} INFO - [2025-12-03T19:05:27.146+0000] {dagbag.py:538} INFO - Filling up the DagBag from /opt/airflow/dags/airflow_dag.py
[2025-12-03T19:05:27.852+0000] {processor.py:840} INFO - DAG(s) 'arbuz_pipeline' retrieved from /opt/airflow/dags/airflow_dag.py
[2025-12-03T19:05:27.929+0000] {logging_mixin.py:188} INFO - [2025-12-03T19:05:27.929+0000] {dag.py:3033} INFO - Sync 1 DAGs
[2025-12-03T19:05:27.970+0000] {processor.py:183} INFO - Processing /opt/airflow/dags/airflow_dag.py took 0.832 seconds
[2025-12-03T19:05:58.438+0000] {processor.py:161} INFO - Started process (PID=1391) to work on /opt/airflow/dags/airflow_dag.py
[2025-12-03T19:05:58.440+0000] {processor.py:830} INFO - Processing file /opt/airflow/dags/airflow_dag.py for tasks to queue
[2025-12-03T19:05:58.442+0000] {logging_mixin.py:188} INFO - [2025-12-03T19:05:58.441+0000] {dagbag.py:538} INFO - Filling up the DagBag from /opt/airflow/dags/airflow_dag.py
[2025-12-03T19:05:58.999+0000] {processor.py:840} INFO - DAG(s) 'arbuz_pipeline' retrieved from /opt/airflow/dags/airflow_dag.py
[2025-12-03T19:05:59.042+0000] {logging_mixin.py:188} INFO - [2025-12-03T19:05:59.041+0000] {dag.py:3033} INFO - Sync 1 DAGs
[2025-12-03T19:05:59.079+0000] {processor.py:183} INFO - Processing /opt/airflow/dags/airflow_dag.py took 0.649 seconds
[2025-12-03T19:06:29.440+0000] {processor.py:161} INFO - Started process (PID=1505) to work on /opt/airflow/dags/airflow_dag.py
[2025-12-03T19:06:29.441+0000] {processor.py:830} INFO - Processing file /opt/airflow/dags/airflow_dag.py for tasks to queue
[2025-12-03T19:06:29.443+0000] {logging_mixin.py:188} INFO - [2025-12-03T19:06:29.442+0000] {dagbag.py:538} INFO - Filling up the DagBag from /opt/airflow/dags/airflow_dag.py
[2025-12-03T19:06:29.828+0000] {processor.py:840} INFO - DAG(s) 'arbuz_pipeline' retrieved from /opt/airflow/dags/airflow_dag.py
[2025-12-03T19:06:29.859+0000] {logging_mixin.py:188} INFO - [2025-12-03T19:06:29.859+0000] {dag.py:3033} INFO - Sync 1 DAGs
[2025-12-03T19:06:29.913+0000] {processor.py:183} INFO - Processing /opt/airflow/dags/airflow_dag.py took 0.479 seconds
[2025-12-03T19:07:00.065+0000] {processor.py:161} INFO - Started process (PID=1603) to work on /opt/airflow/dags/airflow_dag.py
[2025-12-03T19:07:00.067+0000] {processor.py:830} INFO - Processing file /opt/airflow/dags/airflow_dag.py for tasks to queue
[2025-12-03T19:07:00.071+0000] {logging_mixin.py:188} INFO - [2025-12-03T19:07:00.070+0000] {dagbag.py:538} INFO - Filling up the DagBag from /opt/airflow/dags/airflow_dag.py
[2025-12-03T19:07:00.440+0000] {processor.py:840} INFO - DAG(s) 'arbuz_pipeline' retrieved from /opt/airflow/dags/airflow_dag.py
[2025-12-03T19:07:00.490+0000] {logging_mixin.py:188} INFO - [2025-12-03T19:07:00.490+0000] {dag.py:3033} INFO - Sync 1 DAGs
[2025-12-03T19:07:00.553+0000] {processor.py:183} INFO - Processing /opt/airflow/dags/airflow_dag.py took 0.496 seconds
[2025-12-03T19:07:30.632+0000] {processor.py:161} INFO - Started process (PID=1702) to work on /opt/airflow/dags/airflow_dag.py
[2025-12-03T19:07:30.634+0000] {processor.py:830} INFO - Processing file /opt/airflow/dags/airflow_dag.py for tasks to queue
[2025-12-03T19:07:30.638+0000] {logging_mixin.py:188} INFO - [2025-12-03T19:07:30.636+0000] {dagbag.py:538} INFO - Filling up the DagBag from /opt/airflow/dags/airflow_dag.py
[2025-12-03T19:07:31.179+0000] {processor.py:840} INFO - DAG(s) 'arbuz_pipeline' retrieved from /opt/airflow/dags/airflow_dag.py
[2025-12-03T19:07:31.232+0000] {logging_mixin.py:188} INFO - [2025-12-03T19:07:31.231+0000] {dag.py:3033} INFO - Sync 1 DAGs
[2025-12-03T19:07:31.270+0000] {processor.py:183} INFO - Processing /opt/airflow/dags/airflow_dag.py took 0.647 seconds
[2025-12-03T19:08:01.573+0000] {processor.py:161} INFO - Started process (PID=1800) to work on /opt/airflow/dags/airflow_dag.py
[2025-12-03T19:08:01.576+0000] {processor.py:830} INFO - Processing file /opt/airflow/dags/airflow_dag.py for tasks to queue
[2025-12-03T19:08:01.577+0000] {logging_mixin.py:188} INFO - [2025-12-03T19:08:01.577+0000] {dagbag.py:538} INFO - Filling up the DagBag from /opt/airflow/dags/airflow_dag.py
[2025-12-03T19:08:02.001+0000] {processor.py:840} INFO - DAG(s) 'arbuz_pipeline' retrieved from /opt/airflow/dags/airflow_dag.py
[2025-12-03T19:08:02.044+0000] {logging_mixin.py:188} INFO - [2025-12-03T19:08:02.044+0000] {dag.py:3033} INFO - Sync 1 DAGs
[2025-12-03T19:08:02.221+0000] {processor.py:183} INFO - Processing /opt/airflow/dags/airflow_dag.py took 0.654 seconds
[2025-12-03T19:08:32.672+0000] {processor.py:161} INFO - Started process (PID=1902) to work on /opt/airflow/dags/airflow_dag.py
[2025-12-03T19:08:32.673+0000] {processor.py:830} INFO - Processing file /opt/airflow/dags/airflow_dag.py for tasks to queue
[2025-12-03T19:08:32.675+0000] {logging_mixin.py:188} INFO - [2025-12-03T19:08:32.674+0000] {dagbag.py:538} INFO - Filling up the DagBag from /opt/airflow/dags/airflow_dag.py
[2025-12-03T19:08:33.088+0000] {processor.py:840} INFO - DAG(s) 'arbuz_pipeline' retrieved from /opt/airflow/dags/airflow_dag.py
[2025-12-03T19:08:33.157+0000] {logging_mixin.py:188} INFO - [2025-12-03T19:08:33.156+0000] {dag.py:3033} INFO - Sync 1 DAGs
[2025-12-03T19:08:33.202+0000] {processor.py:183} INFO - Processing /opt/airflow/dags/airflow_dag.py took 0.535 seconds
[2025-12-03T19:09:03.514+0000] {processor.py:161} INFO - Started process (PID=2010) to work on /opt/airflow/dags/airflow_dag.py
[2025-12-03T19:09:03.517+0000] {processor.py:830} INFO - Processing file /opt/airflow/dags/airflow_dag.py for tasks to queue
[2025-12-03T19:09:03.518+0000] {logging_mixin.py:188} INFO - [2025-12-03T19:09:03.517+0000] {dagbag.py:538} INFO - Filling up the DagBag from /opt/airflow/dags/airflow_dag.py
[2025-12-03T19:09:04.042+0000] {processor.py:840} INFO - DAG(s) 'arbuz_pipeline' retrieved from /opt/airflow/dags/airflow_dag.py
[2025-12-03T19:09:04.071+0000] {logging_mixin.py:188} INFO - [2025-12-03T19:09:04.071+0000] {dag.py:3033} INFO - Sync 1 DAGs
[2025-12-03T19:09:04.126+0000] {processor.py:183} INFO - Processing /opt/airflow/dags/airflow_dag.py took 0.620 seconds
[2025-12-03T19:09:34.291+0000] {processor.py:161} INFO - Started process (PID=2122) to work on /opt/airflow/dags/airflow_dag.py
[2025-12-03T19:09:34.293+0000] {processor.py:830} INFO - Processing file /opt/airflow/dags/airflow_dag.py for tasks to queue
[2025-12-03T19:09:34.295+0000] {logging_mixin.py:188} INFO - [2025-12-03T19:09:34.294+0000] {dagbag.py:538} INFO - Filling up the DagBag from /opt/airflow/dags/airflow_dag.py
[2025-12-03T19:09:34.829+0000] {processor.py:840} INFO - DAG(s) 'arbuz_pipeline' retrieved from /opt/airflow/dags/airflow_dag.py
[2025-12-03T19:09:34.864+0000] {logging_mixin.py:188} INFO - [2025-12-03T19:09:34.864+0000] {dag.py:3033} INFO - Sync 1 DAGs
[2025-12-03T19:09:34.903+0000] {processor.py:183} INFO - Processing /opt/airflow/dags/airflow_dag.py took 0.620 seconds
[2025-12-03T19:10:05.272+0000] {processor.py:161} INFO - Started process (PID=2178) to work on /opt/airflow/dags/airflow_dag.py
[2025-12-03T19:10:05.274+0000] {processor.py:830} INFO - Processing file /opt/airflow/dags/airflow_dag.py for tasks to queue
[2025-12-03T19:10:05.276+0000] {logging_mixin.py:188} INFO - [2025-12-03T19:10:05.275+0000] {dagbag.py:538} INFO - Filling up the DagBag from /opt/airflow/dags/airflow_dag.py
[2025-12-03T19:10:05.633+0000] {processor.py:840} INFO - DAG(s) 'arbuz_pipeline' retrieved from /opt/airflow/dags/airflow_dag.py
[2025-12-03T19:10:05.660+0000] {logging_mixin.py:188} INFO - [2025-12-03T19:10:05.659+0000] {dag.py:3033} INFO - Sync 1 DAGs
[2025-12-03T19:10:05.678+0000] {logging_mixin.py:188} INFO - [2025-12-03T19:10:05.678+0000] {dag.py:3820} INFO - Setting next_dagrun for arbuz_pipeline to 2025-12-03T10:00:00+00:00, run_after=2025-12-04T10:00:00+00:00
[2025-12-03T19:10:05.691+0000] {processor.py:183} INFO - Processing /opt/airflow/dags/airflow_dag.py took 0.426 seconds
[2025-12-03T19:10:36.025+0000] {processor.py:161} INFO - Started process (PID=2186) to work on /opt/airflow/dags/airflow_dag.py
[2025-12-03T19:10:36.030+0000] {processor.py:830} INFO - Processing file /opt/airflow/dags/airflow_dag.py for tasks to queue
[2025-12-03T19:10:36.033+0000] {logging_mixin.py:188} INFO - [2025-12-03T19:10:36.032+0000] {dagbag.py:538} INFO - Filling up the DagBag from /opt/airflow/dags/airflow_dag.py
[2025-12-03T19:10:36.487+0000] {processor.py:840} INFO - DAG(s) 'arbuz_pipeline' retrieved from /opt/airflow/dags/airflow_dag.py
[2025-12-03T19:10:36.522+0000] {logging_mixin.py:188} INFO - [2025-12-03T19:10:36.521+0000] {dag.py:3033} INFO - Sync 1 DAGs
[2025-12-03T19:10:36.545+0000] {logging_mixin.py:188} INFO - [2025-12-03T19:10:36.545+0000] {dag.py:3820} INFO - Setting next_dagrun for arbuz_pipeline to 2025-12-03T10:00:00+00:00, run_after=2025-12-04T10:00:00+00:00
[2025-12-03T19:10:36.559+0000] {processor.py:183} INFO - Processing /opt/airflow/dags/airflow_dag.py took 0.544 seconds
[2025-12-03T19:11:06.892+0000] {processor.py:161} INFO - Started process (PID=2194) to work on /opt/airflow/dags/airflow_dag.py
[2025-12-03T19:11:06.894+0000] {processor.py:830} INFO - Processing file /opt/airflow/dags/airflow_dag.py for tasks to queue
[2025-12-03T19:11:06.895+0000] {logging_mixin.py:188} INFO - [2025-12-03T19:11:06.895+0000] {dagbag.py:538} INFO - Filling up the DagBag from /opt/airflow/dags/airflow_dag.py
[2025-12-03T19:11:07.309+0000] {processor.py:840} INFO - DAG(s) 'arbuz_pipeline' retrieved from /opt/airflow/dags/airflow_dag.py
[2025-12-03T19:11:07.340+0000] {logging_mixin.py:188} INFO - [2025-12-03T19:11:07.340+0000] {dag.py:3033} INFO - Sync 1 DAGs
[2025-12-03T19:11:07.362+0000] {logging_mixin.py:188} INFO - [2025-12-03T19:11:07.362+0000] {dag.py:3820} INFO - Setting next_dagrun for arbuz_pipeline to 2025-12-03T10:00:00+00:00, run_after=2025-12-04T10:00:00+00:00
[2025-12-03T19:11:07.380+0000] {processor.py:183} INFO - Processing /opt/airflow/dags/airflow_dag.py took 0.493 seconds
[2025-12-03T19:11:37.737+0000] {processor.py:161} INFO - Started process (PID=2202) to work on /opt/airflow/dags/airflow_dag.py
[2025-12-03T19:11:37.738+0000] {processor.py:830} INFO - Processing file /opt/airflow/dags/airflow_dag.py for tasks to queue
[2025-12-03T19:11:37.740+0000] {logging_mixin.py:188} INFO - [2025-12-03T19:11:37.739+0000] {dagbag.py:538} INFO - Filling up the DagBag from /opt/airflow/dags/airflow_dag.py
[2025-12-03T19:11:38.099+0000] {processor.py:840} INFO - DAG(s) 'arbuz_pipeline' retrieved from /opt/airflow/dags/airflow_dag.py
[2025-12-03T19:11:38.143+0000] {logging_mixin.py:188} INFO - [2025-12-03T19:11:38.142+0000] {dag.py:3033} INFO - Sync 1 DAGs
[2025-12-03T19:11:38.170+0000] {logging_mixin.py:188} INFO - [2025-12-03T19:11:38.170+0000] {dag.py:3820} INFO - Setting next_dagrun for arbuz_pipeline to 2025-12-03T10:00:00+00:00, run_after=2025-12-04T10:00:00+00:00
[2025-12-03T19:11:38.184+0000] {processor.py:183} INFO - Processing /opt/airflow/dags/airflow_dag.py took 0.456 seconds
[2025-12-03T19:12:08.555+0000] {processor.py:161} INFO - Started process (PID=2210) to work on /opt/airflow/dags/airflow_dag.py
[2025-12-03T19:12:08.557+0000] {processor.py:830} INFO - Processing file /opt/airflow/dags/airflow_dag.py for tasks to queue
[2025-12-03T19:12:08.560+0000] {logging_mixin.py:188} INFO - [2025-12-03T19:12:08.559+0000] {dagbag.py:538} INFO - Filling up the DagBag from /opt/airflow/dags/airflow_dag.py
[2025-12-03T19:12:09.660+0000] {processor.py:840} INFO - DAG(s) 'arbuz_pipeline' retrieved from /opt/airflow/dags/airflow_dag.py
[2025-12-03T19:12:09.794+0000] {logging_mixin.py:188} INFO - [2025-12-03T19:12:09.792+0000] {dag.py:3033} INFO - Sync 1 DAGs
[2025-12-03T19:12:09.851+0000] {logging_mixin.py:188} INFO - [2025-12-03T19:12:09.851+0000] {dag.py:3820} INFO - Setting next_dagrun for arbuz_pipeline to 2025-12-03T10:00:00+00:00, run_after=2025-12-04T10:00:00+00:00
[2025-12-03T19:12:09.875+0000] {processor.py:183} INFO - Processing /opt/airflow/dags/airflow_dag.py took 1.353 seconds
[2025-12-03T19:12:40.000+0000] {processor.py:161} INFO - Started process (PID=2212) to work on /opt/airflow/dags/airflow_dag.py
[2025-12-03T19:12:40.003+0000] {processor.py:830} INFO - Processing file /opt/airflow/dags/airflow_dag.py for tasks to queue
[2025-12-03T19:12:40.005+0000] {logging_mixin.py:188} INFO - [2025-12-03T19:12:40.004+0000] {dagbag.py:538} INFO - Filling up the DagBag from /opt/airflow/dags/airflow_dag.py
[2025-12-03T19:12:40.481+0000] {processor.py:840} INFO - DAG(s) 'arbuz_pipeline' retrieved from /opt/airflow/dags/airflow_dag.py
[2025-12-03T19:12:40.521+0000] {logging_mixin.py:188} INFO - [2025-12-03T19:12:40.520+0000] {dag.py:3033} INFO - Sync 1 DAGs
[2025-12-03T19:12:40.547+0000] {logging_mixin.py:188} INFO - [2025-12-03T19:12:40.547+0000] {dag.py:3820} INFO - Setting next_dagrun for arbuz_pipeline to 2025-12-03T10:00:00+00:00, run_after=2025-12-04T10:00:00+00:00
[2025-12-03T19:12:40.565+0000] {processor.py:183} INFO - Processing /opt/airflow/dags/airflow_dag.py took 0.576 seconds
[2025-12-03T19:13:10.887+0000] {processor.py:161} INFO - Started process (PID=2220) to work on /opt/airflow/dags/airflow_dag.py
[2025-12-03T19:13:10.888+0000] {processor.py:830} INFO - Processing file /opt/airflow/dags/airflow_dag.py for tasks to queue
[2025-12-03T19:13:10.890+0000] {logging_mixin.py:188} INFO - [2025-12-03T19:13:10.889+0000] {dagbag.py:538} INFO - Filling up the DagBag from /opt/airflow/dags/airflow_dag.py
[2025-12-03T19:13:11.323+0000] {processor.py:840} INFO - DAG(s) 'arbuz_pipeline' retrieved from /opt/airflow/dags/airflow_dag.py
[2025-12-03T19:13:11.375+0000] {logging_mixin.py:188} INFO - [2025-12-03T19:13:11.375+0000] {dag.py:3033} INFO - Sync 1 DAGs
[2025-12-03T19:13:11.399+0000] {logging_mixin.py:188} INFO - [2025-12-03T19:13:11.399+0000] {dag.py:3820} INFO - Setting next_dagrun for arbuz_pipeline to 2025-12-03T10:00:00+00:00, run_after=2025-12-04T10:00:00+00:00
[2025-12-03T19:13:11.413+0000] {processor.py:183} INFO - Processing /opt/airflow/dags/airflow_dag.py took 0.536 seconds
[2025-12-03T19:13:41.794+0000] {processor.py:161} INFO - Started process (PID=2228) to work on /opt/airflow/dags/airflow_dag.py
[2025-12-03T19:13:41.797+0000] {processor.py:830} INFO - Processing file /opt/airflow/dags/airflow_dag.py for tasks to queue
[2025-12-03T19:13:41.799+0000] {logging_mixin.py:188} INFO - [2025-12-03T19:13:41.798+0000] {dagbag.py:538} INFO - Filling up the DagBag from /opt/airflow/dags/airflow_dag.py
[2025-12-03T19:13:42.201+0000] {processor.py:840} INFO - DAG(s) 'arbuz_pipeline' retrieved from /opt/airflow/dags/airflow_dag.py
[2025-12-03T19:13:42.230+0000] {logging_mixin.py:188} INFO - [2025-12-03T19:13:42.229+0000] {dag.py:3033} INFO - Sync 1 DAGs
[2025-12-03T19:13:42.250+0000] {logging_mixin.py:188} INFO - [2025-12-03T19:13:42.249+0000] {dag.py:3820} INFO - Setting next_dagrun for arbuz_pipeline to 2025-12-03T10:00:00+00:00, run_after=2025-12-04T10:00:00+00:00
[2025-12-03T19:13:42.262+0000] {processor.py:183} INFO - Processing /opt/airflow/dags/airflow_dag.py took 0.478 seconds
[2025-12-03T19:14:12.556+0000] {processor.py:161} INFO - Started process (PID=2236) to work on /opt/airflow/dags/airflow_dag.py
[2025-12-03T19:14:12.563+0000] {processor.py:830} INFO - Processing file /opt/airflow/dags/airflow_dag.py for tasks to queue
[2025-12-03T19:14:12.565+0000] {logging_mixin.py:188} INFO - [2025-12-03T19:14:12.564+0000] {dagbag.py:538} INFO - Filling up the DagBag from /opt/airflow/dags/airflow_dag.py
[2025-12-03T19:14:12.987+0000] {processor.py:840} INFO - DAG(s) 'arbuz_pipeline' retrieved from /opt/airflow/dags/airflow_dag.py
[2025-12-03T19:14:13.021+0000] {logging_mixin.py:188} INFO - [2025-12-03T19:14:13.021+0000] {dag.py:3033} INFO - Sync 1 DAGs
[2025-12-03T19:14:13.045+0000] {logging_mixin.py:188} INFO - [2025-12-03T19:14:13.044+0000] {dag.py:3820} INFO - Setting next_dagrun for arbuz_pipeline to 2025-12-03T10:00:00+00:00, run_after=2025-12-04T10:00:00+00:00
[2025-12-03T19:14:13.059+0000] {processor.py:183} INFO - Processing /opt/airflow/dags/airflow_dag.py took 0.520 seconds
[2025-12-03T19:14:43.426+0000] {processor.py:161} INFO - Started process (PID=2244) to work on /opt/airflow/dags/airflow_dag.py
[2025-12-03T19:14:43.429+0000] {processor.py:830} INFO - Processing file /opt/airflow/dags/airflow_dag.py for tasks to queue
[2025-12-03T19:14:43.431+0000] {logging_mixin.py:188} INFO - [2025-12-03T19:14:43.430+0000] {dagbag.py:538} INFO - Filling up the DagBag from /opt/airflow/dags/airflow_dag.py
[2025-12-03T19:14:43.851+0000] {processor.py:840} INFO - DAG(s) 'arbuz_pipeline' retrieved from /opt/airflow/dags/airflow_dag.py
[2025-12-03T19:14:43.880+0000] {logging_mixin.py:188} INFO - [2025-12-03T19:14:43.880+0000] {dag.py:3033} INFO - Sync 1 DAGs
[2025-12-03T19:14:43.901+0000] {logging_mixin.py:188} INFO - [2025-12-03T19:14:43.901+0000] {dag.py:3820} INFO - Setting next_dagrun for arbuz_pipeline to 2025-12-03T10:00:00+00:00, run_after=2025-12-04T10:00:00+00:00
[2025-12-03T19:14:43.914+0000] {processor.py:183} INFO - Processing /opt/airflow/dags/airflow_dag.py took 0.501 seconds
[2025-12-03T19:15:14.332+0000] {processor.py:161} INFO - Started process (PID=2252) to work on /opt/airflow/dags/airflow_dag.py
[2025-12-03T19:15:14.334+0000] {processor.py:830} INFO - Processing file /opt/airflow/dags/airflow_dag.py for tasks to queue
[2025-12-03T19:15:14.339+0000] {logging_mixin.py:188} INFO - [2025-12-03T19:15:14.335+0000] {dagbag.py:538} INFO - Filling up the DagBag from /opt/airflow/dags/airflow_dag.py
[2025-12-03T19:15:14.884+0000] {processor.py:840} INFO - DAG(s) 'arbuz_pipeline' retrieved from /opt/airflow/dags/airflow_dag.py
[2025-12-03T19:15:14.932+0000] {logging_mixin.py:188} INFO - [2025-12-03T19:15:14.931+0000] {dag.py:3033} INFO - Sync 1 DAGs
[2025-12-03T19:15:14.965+0000] {logging_mixin.py:188} INFO - [2025-12-03T19:15:14.965+0000] {dag.py:3820} INFO - Setting next_dagrun for arbuz_pipeline to 2025-12-03T10:00:00+00:00, run_after=2025-12-04T10:00:00+00:00
[2025-12-03T19:15:14.980+0000] {processor.py:183} INFO - Processing /opt/airflow/dags/airflow_dag.py took 0.657 seconds
[2025-12-03T19:15:45.624+0000] {processor.py:161} INFO - Started process (PID=2260) to work on /opt/airflow/dags/airflow_dag.py
[2025-12-03T19:15:45.627+0000] {processor.py:830} INFO - Processing file /opt/airflow/dags/airflow_dag.py for tasks to queue
[2025-12-03T19:15:45.629+0000] {logging_mixin.py:188} INFO - [2025-12-03T19:15:45.628+0000] {dagbag.py:538} INFO - Filling up the DagBag from /opt/airflow/dags/airflow_dag.py
[2025-12-03T19:15:46.205+0000] {processor.py:840} INFO - DAG(s) 'arbuz_pipeline' retrieved from /opt/airflow/dags/airflow_dag.py
[2025-12-03T19:15:46.249+0000] {logging_mixin.py:188} INFO - [2025-12-03T19:15:46.248+0000] {dag.py:3033} INFO - Sync 1 DAGs
[2025-12-03T19:15:46.273+0000] {logging_mixin.py:188} INFO - [2025-12-03T19:15:46.272+0000] {dag.py:3820} INFO - Setting next_dagrun for arbuz_pipeline to 2025-12-03T10:00:00+00:00, run_after=2025-12-04T10:00:00+00:00
[2025-12-03T19:15:46.292+0000] {processor.py:183} INFO - Processing /opt/airflow/dags/airflow_dag.py took 0.677 seconds
[2025-12-03T19:16:16.686+0000] {processor.py:161} INFO - Started process (PID=2268) to work on /opt/airflow/dags/airflow_dag.py
[2025-12-03T19:16:16.689+0000] {processor.py:830} INFO - Processing file /opt/airflow/dags/airflow_dag.py for tasks to queue
[2025-12-03T19:16:16.690+0000] {logging_mixin.py:188} INFO - [2025-12-03T19:16:16.689+0000] {dagbag.py:538} INFO - Filling up the DagBag from /opt/airflow/dags/airflow_dag.py
[2025-12-03T19:16:17.131+0000] {processor.py:840} INFO - DAG(s) 'arbuz_pipeline' retrieved from /opt/airflow/dags/airflow_dag.py
[2025-12-03T19:16:17.175+0000] {logging_mixin.py:188} INFO - [2025-12-03T19:16:17.175+0000] {dag.py:3033} INFO - Sync 1 DAGs
[2025-12-03T19:16:17.224+0000] {logging_mixin.py:188} INFO - [2025-12-03T19:16:17.224+0000] {dag.py:3820} INFO - Setting next_dagrun for arbuz_pipeline to 2025-12-03T10:00:00+00:00, run_after=2025-12-04T10:00:00+00:00
[2025-12-03T19:16:17.242+0000] {processor.py:183} INFO - Processing /opt/airflow/dags/airflow_dag.py took 0.563 seconds
[2025-12-03T19:16:47.326+0000] {processor.py:161} INFO - Started process (PID=2276) to work on /opt/airflow/dags/airflow_dag.py
[2025-12-03T19:16:47.328+0000] {processor.py:830} INFO - Processing file /opt/airflow/dags/airflow_dag.py for tasks to queue
[2025-12-03T19:16:47.330+0000] {logging_mixin.py:188} INFO - [2025-12-03T19:16:47.329+0000] {dagbag.py:538} INFO - Filling up the DagBag from /opt/airflow/dags/airflow_dag.py
[2025-12-03T19:16:47.731+0000] {processor.py:840} INFO - DAG(s) 'arbuz_pipeline' retrieved from /opt/airflow/dags/airflow_dag.py
[2025-12-03T19:16:47.766+0000] {logging_mixin.py:188} INFO - [2025-12-03T19:16:47.765+0000] {dag.py:3033} INFO - Sync 1 DAGs
[2025-12-03T19:16:47.796+0000] {logging_mixin.py:188} INFO - [2025-12-03T19:16:47.796+0000] {dag.py:3820} INFO - Setting next_dagrun for arbuz_pipeline to 2025-12-03T10:00:00+00:00, run_after=2025-12-04T10:00:00+00:00
[2025-12-03T19:16:47.817+0000] {processor.py:183} INFO - Processing /opt/airflow/dags/airflow_dag.py took 0.501 seconds
[2025-12-03T19:17:17.914+0000] {processor.py:161} INFO - Started process (PID=2284) to work on /opt/airflow/dags/airflow_dag.py
[2025-12-03T19:17:17.917+0000] {processor.py:830} INFO - Processing file /opt/airflow/dags/airflow_dag.py for tasks to queue
[2025-12-03T19:17:17.919+0000] {logging_mixin.py:188} INFO - [2025-12-03T19:17:17.918+0000] {dagbag.py:538} INFO - Filling up the DagBag from /opt/airflow/dags/airflow_dag.py
[2025-12-03T19:17:18.337+0000] {processor.py:840} INFO - DAG(s) 'arbuz_pipeline' retrieved from /opt/airflow/dags/airflow_dag.py
[2025-12-03T19:17:18.369+0000] {logging_mixin.py:188} INFO - [2025-12-03T19:17:18.369+0000] {dag.py:3033} INFO - Sync 1 DAGs
[2025-12-03T19:17:18.406+0000] {logging_mixin.py:188} INFO - [2025-12-03T19:17:18.406+0000] {dag.py:3820} INFO - Setting next_dagrun for arbuz_pipeline to 2025-12-03T10:00:00+00:00, run_after=2025-12-04T10:00:00+00:00
[2025-12-03T19:17:18.421+0000] {processor.py:183} INFO - Processing /opt/airflow/dags/airflow_dag.py took 0.517 seconds
[2025-12-03T19:17:48.534+0000] {processor.py:161} INFO - Started process (PID=2292) to work on /opt/airflow/dags/airflow_dag.py
[2025-12-03T19:17:48.536+0000] {processor.py:830} INFO - Processing file /opt/airflow/dags/airflow_dag.py for tasks to queue
[2025-12-03T19:17:48.538+0000] {logging_mixin.py:188} INFO - [2025-12-03T19:17:48.537+0000] {dagbag.py:538} INFO - Filling up the DagBag from /opt/airflow/dags/airflow_dag.py
[2025-12-03T19:17:48.938+0000] {processor.py:840} INFO - DAG(s) 'arbuz_pipeline' retrieved from /opt/airflow/dags/airflow_dag.py
[2025-12-03T19:17:48.979+0000] {logging_mixin.py:188} INFO - [2025-12-03T19:17:48.978+0000] {dag.py:3033} INFO - Sync 1 DAGs
[2025-12-03T19:17:48.998+0000] {logging_mixin.py:188} INFO - [2025-12-03T19:17:48.998+0000] {dag.py:3820} INFO - Setting next_dagrun for arbuz_pipeline to 2025-12-03T10:00:00+00:00, run_after=2025-12-04T10:00:00+00:00
[2025-12-03T19:17:49.012+0000] {processor.py:183} INFO - Processing /opt/airflow/dags/airflow_dag.py took 0.486 seconds
[2025-12-03T19:18:19.151+0000] {processor.py:161} INFO - Started process (PID=2300) to work on /opt/airflow/dags/airflow_dag.py
[2025-12-03T19:18:19.154+0000] {processor.py:830} INFO - Processing file /opt/airflow/dags/airflow_dag.py for tasks to queue
[2025-12-03T19:18:19.156+0000] {logging_mixin.py:188} INFO - [2025-12-03T19:18:19.155+0000] {dagbag.py:538} INFO - Filling up the DagBag from /opt/airflow/dags/airflow_dag.py
[2025-12-03T19:18:19.543+0000] {processor.py:840} INFO - DAG(s) 'arbuz_pipeline' retrieved from /opt/airflow/dags/airflow_dag.py
[2025-12-03T19:18:19.576+0000] {logging_mixin.py:188} INFO - [2025-12-03T19:18:19.576+0000] {dag.py:3033} INFO - Sync 1 DAGs
[2025-12-03T19:18:19.597+0000] {logging_mixin.py:188} INFO - [2025-12-03T19:18:19.597+0000] {dag.py:3820} INFO - Setting next_dagrun for arbuz_pipeline to 2025-12-03T10:00:00+00:00, run_after=2025-12-04T10:00:00+00:00
[2025-12-03T19:18:19.610+0000] {processor.py:183} INFO - Processing /opt/airflow/dags/airflow_dag.py took 0.468 seconds
[2025-12-03T19:18:49.950+0000] {processor.py:161} INFO - Started process (PID=2307) to work on /opt/airflow/dags/airflow_dag.py
[2025-12-03T19:18:49.953+0000] {processor.py:830} INFO - Processing file /opt/airflow/dags/airflow_dag.py for tasks to queue
[2025-12-03T19:18:49.954+0000] {logging_mixin.py:188} INFO - [2025-12-03T19:18:49.954+0000] {dagbag.py:538} INFO - Filling up the DagBag from /opt/airflow/dags/airflow_dag.py
[2025-12-03T19:18:50.368+0000] {processor.py:840} INFO - DAG(s) 'arbuz_pipeline' retrieved from /opt/airflow/dags/airflow_dag.py
[2025-12-03T19:18:50.408+0000] {logging_mixin.py:188} INFO - [2025-12-03T19:18:50.407+0000] {dag.py:3033} INFO - Sync 1 DAGs
[2025-12-03T19:18:50.430+0000] {logging_mixin.py:188} INFO - [2025-12-03T19:18:50.430+0000] {dag.py:3820} INFO - Setting next_dagrun for arbuz_pipeline to 2025-12-03T10:00:00+00:00, run_after=2025-12-04T10:00:00+00:00
[2025-12-03T19:18:50.444+0000] {processor.py:183} INFO - Processing /opt/airflow/dags/airflow_dag.py took 0.505 seconds
[2025-12-03T19:19:20.809+0000] {processor.py:161} INFO - Started process (PID=2315) to work on /opt/airflow/dags/airflow_dag.py
[2025-12-03T19:19:20.812+0000] {processor.py:830} INFO - Processing file /opt/airflow/dags/airflow_dag.py for tasks to queue
[2025-12-03T19:19:20.814+0000] {logging_mixin.py:188} INFO - [2025-12-03T19:19:20.813+0000] {dagbag.py:538} INFO - Filling up the DagBag from /opt/airflow/dags/airflow_dag.py
[2025-12-03T19:19:21.213+0000] {processor.py:840} INFO - DAG(s) 'arbuz_pipeline' retrieved from /opt/airflow/dags/airflow_dag.py
[2025-12-03T19:19:21.241+0000] {logging_mixin.py:188} INFO - [2025-12-03T19:19:21.241+0000] {dag.py:3033} INFO - Sync 1 DAGs
[2025-12-03T19:19:21.286+0000] {logging_mixin.py:188} INFO - [2025-12-03T19:19:21.285+0000] {dag.py:3820} INFO - Setting next_dagrun for arbuz_pipeline to 2025-12-03T10:00:00+00:00, run_after=2025-12-04T10:00:00+00:00
[2025-12-03T19:19:21.302+0000] {processor.py:183} INFO - Processing /opt/airflow/dags/airflow_dag.py took 0.504 seconds
[2025-12-03T19:19:51.673+0000] {processor.py:161} INFO - Started process (PID=2323) to work on /opt/airflow/dags/airflow_dag.py
[2025-12-03T19:19:51.675+0000] {processor.py:830} INFO - Processing file /opt/airflow/dags/airflow_dag.py for tasks to queue
[2025-12-03T19:19:51.676+0000] {logging_mixin.py:188} INFO - [2025-12-03T19:19:51.676+0000] {dagbag.py:538} INFO - Filling up the DagBag from /opt/airflow/dags/airflow_dag.py
[2025-12-03T19:19:52.191+0000] {processor.py:840} INFO - DAG(s) 'arbuz_pipeline' retrieved from /opt/airflow/dags/airflow_dag.py
[2025-12-03T19:19:52.240+0000] {logging_mixin.py:188} INFO - [2025-12-03T19:19:52.240+0000] {dag.py:3033} INFO - Sync 1 DAGs
[2025-12-03T19:19:52.261+0000] {logging_mixin.py:188} INFO - [2025-12-03T19:19:52.261+0000] {dag.py:3820} INFO - Setting next_dagrun for arbuz_pipeline to 2025-12-03T10:00:00+00:00, run_after=2025-12-04T10:00:00+00:00
[2025-12-03T19:19:52.274+0000] {processor.py:183} INFO - Processing /opt/airflow/dags/airflow_dag.py took 0.618 seconds
[2025-12-03T19:20:22.642+0000] {processor.py:161} INFO - Started process (PID=2331) to work on /opt/airflow/dags/airflow_dag.py
[2025-12-03T19:20:22.646+0000] {processor.py:830} INFO - Processing file /opt/airflow/dags/airflow_dag.py for tasks to queue
[2025-12-03T19:20:22.648+0000] {logging_mixin.py:188} INFO - [2025-12-03T19:20:22.647+0000] {dagbag.py:538} INFO - Filling up the DagBag from /opt/airflow/dags/airflow_dag.py
[2025-12-03T19:20:23.093+0000] {processor.py:840} INFO - DAG(s) 'arbuz_pipeline' retrieved from /opt/airflow/dags/airflow_dag.py
[2025-12-03T19:20:23.120+0000] {logging_mixin.py:188} INFO - [2025-12-03T19:20:23.120+0000] {dag.py:3033} INFO - Sync 1 DAGs
[2025-12-03T19:20:23.140+0000] {logging_mixin.py:188} INFO - [2025-12-03T19:20:23.140+0000] {dag.py:3820} INFO - Setting next_dagrun for arbuz_pipeline to 2025-12-03T10:00:00+00:00, run_after=2025-12-04T10:00:00+00:00
[2025-12-03T19:20:23.154+0000] {processor.py:183} INFO - Processing /opt/airflow/dags/airflow_dag.py took 0.520 seconds
[2025-12-03T19:20:31.048+0000] {processor.py:161} INFO - Started process (PID=2333) to work on /opt/airflow/dags/airflow_dag.py
[2025-12-03T19:20:31.049+0000] {processor.py:830} INFO - Processing file /opt/airflow/dags/airflow_dag.py for tasks to queue
[2025-12-03T19:20:31.050+0000] {logging_mixin.py:188} INFO - [2025-12-03T19:20:31.050+0000] {dagbag.py:538} INFO - Filling up the DagBag from /opt/airflow/dags/airflow_dag.py
[2025-12-03T19:20:31.486+0000] {processor.py:840} INFO - DAG(s) 'arbuz_pipeline' retrieved from /opt/airflow/dags/airflow_dag.py
[2025-12-03T19:20:31.673+0000] {logging_mixin.py:188} INFO - [2025-12-03T19:20:31.672+0000] {dag.py:3033} INFO - Sync 1 DAGs
[2025-12-03T19:20:31.696+0000] {logging_mixin.py:188} INFO - [2025-12-03T19:20:31.696+0000] {dag.py:3820} INFO - Setting next_dagrun for arbuz_pipeline to 2025-12-03T04:00:00+00:00, run_after=2025-12-04T04:00:00+00:00
[2025-12-03T19:20:31.715+0000] {processor.py:183} INFO - Processing /opt/airflow/dags/airflow_dag.py took 0.675 seconds
[2025-12-03T19:20:32.268+0000] {processor.py:161} INFO - Started process (PID=2335) to work on /opt/airflow/dags/airflow_dag.py
[2025-12-03T19:20:32.269+0000] {processor.py:830} INFO - Processing file /opt/airflow/dags/airflow_dag.py for tasks to queue
[2025-12-03T19:20:32.270+0000] {logging_mixin.py:188} INFO - [2025-12-03T19:20:32.270+0000] {dagbag.py:538} INFO - Filling up the DagBag from /opt/airflow/dags/airflow_dag.py
[2025-12-03T19:20:32.485+0000] {processor.py:840} INFO - DAG(s) 'arbuz_pipeline' retrieved from /opt/airflow/dags/airflow_dag.py
[2025-12-03T19:20:32.494+0000] {logging_mixin.py:188} INFO - [2025-12-03T19:20:32.494+0000] {dag.py:3033} INFO - Sync 1 DAGs
[2025-12-03T19:20:32.512+0000] {logging_mixin.py:188} INFO - [2025-12-03T19:20:32.512+0000] {dag.py:3820} INFO - Setting next_dagrun for arbuz_pipeline to 2025-12-03T04:00:00+00:00, run_after=2025-12-04T04:00:00+00:00
[2025-12-03T19:20:32.523+0000] {processor.py:183} INFO - Processing /opt/airflow/dags/airflow_dag.py took 0.259 seconds
[2025-12-03T19:21:02.632+0000] {processor.py:161} INFO - Started process (PID=2343) to work on /opt/airflow/dags/airflow_dag.py
[2025-12-03T19:21:02.636+0000] {processor.py:830} INFO - Processing file /opt/airflow/dags/airflow_dag.py for tasks to queue
[2025-12-03T19:21:02.642+0000] {logging_mixin.py:188} INFO - [2025-12-03T19:21:02.640+0000] {dagbag.py:538} INFO - Filling up the DagBag from /opt/airflow/dags/airflow_dag.py
[2025-12-03T19:21:03.012+0000] {processor.py:840} INFO - DAG(s) 'arbuz_pipeline' retrieved from /opt/airflow/dags/airflow_dag.py
[2025-12-03T19:21:03.044+0000] {logging_mixin.py:188} INFO - [2025-12-03T19:21:03.043+0000] {dag.py:3033} INFO - Sync 1 DAGs
[2025-12-03T19:21:03.065+0000] {logging_mixin.py:188} INFO - [2025-12-03T19:21:03.065+0000] {dag.py:3820} INFO - Setting next_dagrun for arbuz_pipeline to 2025-12-03T04:00:00+00:00, run_after=2025-12-04T04:00:00+00:00
[2025-12-03T19:21:03.080+0000] {processor.py:183} INFO - Processing /opt/airflow/dags/airflow_dag.py took 0.460 seconds
