[2025-12-01T20:46:05.440+0000] {taskinstance.py:1956} INFO - Dependencies all met for dep_context=non-requeueable deps ti=<TaskInstance: arbuz_pipeline.scrape manual__2025-12-01T20:46:01.599386+00:00 [queued]>
[2025-12-01T20:46:05.454+0000] {taskinstance.py:1956} INFO - Dependencies all met for dep_context=requeueable deps ti=<TaskInstance: arbuz_pipeline.scrape manual__2025-12-01T20:46:01.599386+00:00 [queued]>
[2025-12-01T20:46:05.456+0000] {taskinstance.py:2170} INFO - Starting attempt 1 of 3
[2025-12-01T20:46:05.489+0000] {taskinstance.py:2191} INFO - Executing <Task(PythonOperator): scrape> on 2025-12-01 20:46:01.599386+00:00
[2025-12-01T20:46:05.503+0000] {standard_task_runner.py:60} INFO - Started process 48 to run task
[2025-12-01T20:46:05.506+0000] {standard_task_runner.py:87} INFO - Running: ['***', 'tasks', 'run', 'arbuz_pipeline', 'scrape', 'manual__2025-12-01T20:46:01.599386+00:00', '--job-id', '14', '--raw', '--subdir', 'DAGS_FOLDER/***_dag.py', '--cfg-path', '/tmp/tmp0k3fmlcf']
[2025-12-01T20:46:05.510+0000] {standard_task_runner.py:88} INFO - Job 14: Subtask scrape
[2025-12-01T20:46:05.557+0000] {task_command.py:423} INFO - Running <TaskInstance: arbuz_pipeline.scrape manual__2025-12-01T20:46:01.599386+00:00 [running]> on host df69b316ba36
[2025-12-01T20:46:05.627+0000] {taskinstance.py:2480} INFO - Exporting env vars: AIRFLOW_CTX_DAG_OWNER='***' AIRFLOW_CTX_DAG_ID='arbuz_pipeline' AIRFLOW_CTX_TASK_ID='scrape' AIRFLOW_CTX_EXECUTION_DATE='2025-12-01T20:46:01.599386+00:00' AIRFLOW_CTX_TRY_NUMBER='1' AIRFLOW_CTX_DAG_RUN_ID='manual__2025-12-01T20:46:01.599386+00:00'
[2025-12-01T20:46:05.629+0000] {airflow_dag.py:17} INFO - Starting scraping task...
[2025-12-01T20:46:05.629+0000] {scraper.py:223} INFO - Запуск скрапинга arbuz.kz (овощи/фрукты)
[2025-12-01T20:46:07.524+0000] {taskinstance.py:2698} ERROR - Task failed with exception
Traceback (most recent call last):
  File "/home/airflow/.local/lib/python3.11/site-packages/airflow/models/taskinstance.py", line 433, in _execute_task
    result = execute_callable(context=context, **execute_callable_kwargs)
             ^^^^^^^^^^^^^^^^^^^^^^^^^^^^^^^^^^^^^^^^^^^^^^^^^^^^^^^^^^^^
  File "/home/airflow/.local/lib/python3.11/site-packages/airflow/operators/python.py", line 199, in execute
    return_value = self.execute_callable()
                   ^^^^^^^^^^^^^^^^^^^^^^^
  File "/home/airflow/.local/lib/python3.11/site-packages/airflow/operators/python.py", line 216, in execute_callable
    return self.python_callable(*self.op_args, **self.op_kwargs)
           ^^^^^^^^^^^^^^^^^^^^^^^^^^^^^^^^^^^^^^^^^^^^^^^^^^^^^
  File "/opt/airflow/dags/airflow_dag.py", line 18, in scrape_task
    products = scrape_arbuz(max_products=1000)
               ^^^^^^^^^^^^^^^^^^^^^^^^^^^^^^^
  File "/opt/airflow/src/scraper.py", line 225, in scrape_arbuz
    links = get_product_links(base_url, max_products)
            ^^^^^^^^^^^^^^^^^^^^^^^^^^^^^^^^^^^^^^^^^
  File "/opt/airflow/src/scraper.py", line 109, in get_product_links
    driver = create_driver()
             ^^^^^^^^^^^^^^^
  File "/opt/airflow/src/scraper.py", line 49, in create_driver
    driver.execute_cdp_cmd("Page.addScriptToEvaluateOnNewDocument", {
    ^^^^^^^^^^^^^^^^^^^^^^
AttributeError: 'WebDriver' object has no attribute 'execute_cdp_cmd'
[2025-12-01T20:46:07.557+0000] {taskinstance.py:1138} INFO - Marking task as UP_FOR_RETRY. dag_id=arbuz_pipeline, task_id=scrape, execution_date=20251201T204601, start_date=20251201T204605, end_date=20251201T204607
[2025-12-01T20:46:07.573+0000] {standard_task_runner.py:107} ERROR - Failed to execute job 14 for task scrape ('WebDriver' object has no attribute 'execute_cdp_cmd'; 48)
[2025-12-01T20:46:07.601+0000] {local_task_job_runner.py:234} INFO - Task exited with return code 1
[2025-12-01T20:46:07.648+0000] {taskinstance.py:3280} INFO - 0 downstream tasks scheduled from follow-on schedule check
