[2025-12-03T18:32:59.214+0000] {taskinstance.py:1957} INFO - Dependencies all met for dep_context=non-requeueable deps ti=<TaskInstance: arbuz_pipeline.scrape scheduled__2025-12-02T10:00:00+00:00 [queued]>
[2025-12-03T18:32:59.220+0000] {taskinstance.py:1957} INFO - Dependencies all met for dep_context=requeueable deps ti=<TaskInstance: arbuz_pipeline.scrape scheduled__2025-12-02T10:00:00+00:00 [queued]>
[2025-12-03T18:32:59.220+0000] {taskinstance.py:2171} INFO - Starting attempt 1 of 3
[2025-12-03T18:32:59.227+0000] {taskinstance.py:2192} INFO - Executing <Task(PythonOperator): scrape> on 2025-12-02 10:00:00+00:00
[2025-12-03T18:32:59.230+0000] {standard_task_runner.py:60} INFO - Started process 51 to run task
[2025-12-03T18:32:59.233+0000] {standard_task_runner.py:87} INFO - Running: ['***', 'tasks', 'run', 'arbuz_pipeline', 'scrape', 'scheduled__2025-12-02T10:00:00+00:00', '--job-id', '2', '--raw', '--subdir', 'DAGS_FOLDER/***_dag.py', '--cfg-path', '/tmp/tmprbh4074j']
[2025-12-03T18:32:59.236+0000] {standard_task_runner.py:88} INFO - Job 2: Subtask scrape
[2025-12-03T18:32:59.271+0000] {task_command.py:423} INFO - Running <TaskInstance: arbuz_pipeline.scrape scheduled__2025-12-02T10:00:00+00:00 [running]> on host 40e37c4e7cfa
[2025-12-03T18:32:59.324+0000] {taskinstance.py:2481} INFO - Exporting env vars: AIRFLOW_CTX_DAG_OWNER='***' AIRFLOW_CTX_DAG_ID='arbuz_pipeline' AIRFLOW_CTX_TASK_ID='scrape' AIRFLOW_CTX_EXECUTION_DATE='2025-12-02T10:00:00+00:00' AIRFLOW_CTX_TRY_NUMBER='1' AIRFLOW_CTX_DAG_RUN_ID='scheduled__2025-12-02T10:00:00+00:00'
[2025-12-03T18:32:59.326+0000] {airflow_dag.py:23} INFO - 🚀 Starting scraping task...
[2025-12-03T18:32:59.326+0000] {scraper.py:16} INFO - 🚀 Starting Arbuz.kz scraping (max 100 products)
[2025-12-03T18:33:29.986+0000] {scraper.py:108} ERROR - Error in get_product_links: Timeout 30000ms exceeded.
[2025-12-03T18:33:29.990+0000] {scraper.py:45} WARNING - No product links found!
[2025-12-03T18:33:30.148+0000] {airflow_dag.py:37} ERROR - ❌ Scraping failed: No products were scraped!
[2025-12-03T18:33:30.150+0000] {taskinstance.py:2699} ERROR - Task failed with exception
Traceback (most recent call last):
  File "/home/airflow/.local/lib/python3.11/site-packages/airflow/models/taskinstance.py", line 428, in _execute_task
    result = execute_callable(context=context, **execute_callable_kwargs)
             ^^^^^^^^^^^^^^^^^^^^^^^^^^^^^^^^^^^^^^^^^^^^^^^^^^^^^^^^^^^^
  File "/home/airflow/.local/lib/python3.11/site-packages/airflow/operators/python.py", line 199, in execute
    return_value = self.execute_callable()
                   ^^^^^^^^^^^^^^^^^^^^^^^
  File "/home/airflow/.local/lib/python3.11/site-packages/airflow/operators/python.py", line 216, in execute_callable
    return self.python_callable(*self.op_args, **self.op_kwargs)
           ^^^^^^^^^^^^^^^^^^^^^^^^^^^^^^^^^^^^^^^^^^^^^^^^^^^^^
  File "/opt/airflow/dags/airflow_dag.py", line 29, in scrape_task
    raise ValueError("No products were scraped!")
ValueError: No products were scraped!
[2025-12-03T18:33:30.167+0000] {taskinstance.py:1138} INFO - Marking task as UP_FOR_RETRY. dag_id=arbuz_pipeline, task_id=scrape, execution_date=20251202T100000, start_date=20251203T183259, end_date=20251203T183330
[2025-12-03T18:33:30.186+0000] {standard_task_runner.py:107} ERROR - Failed to execute job 2 for task scrape (No products were scraped!; 51)
[2025-12-03T18:33:30.198+0000] {local_task_job_runner.py:234} INFO - Task exited with return code 1
[2025-12-03T18:33:30.224+0000] {taskinstance.py:3281} INFO - 0 downstream tasks scheduled from follow-on schedule check
